#
# A fatal error has been detected by the Java Runtime Environment:
#
#  EXCEPTION_ACCESS_VIOLATION (0xc0000005) at pc=0x00007ffc3775c050, pid=9528, tid=15404
#
# JRE version: OpenJDK Runtime Environment Temurin-17.0.9+9 (17.0.9+9) (build 17.0.9+9)
# Java VM: OpenJDK 64-Bit Server VM Temurin-17.0.9+9 (17.0.9+9, mixed mode, sharing, tiered, compressed oops, compressed class ptrs, g1 gc, windows-amd64)
# Problematic frame:
# V  [jvm.dll+0x36c050]
#
# No core dump will be written. Minidumps are not enabled by default on client versions of Windows
#
# If you would like to submit a bug report, please visit:
#   https://github.com/adoptium/adoptium-support/issues
#

---------------  S U M M A R Y ------------

Command Line: --add-opens=java.base/java.util=ALL-UNNAMED --add-opens=java.base/java.lang=ALL-UNNAMED --add-opens=java.base/java.lang.invoke=ALL-UNNAMED --add-opens=java.prefs/java.util.prefs=ALL-UNNAMED --add-opens=java.base/java.nio.charset=ALL-UNNAMED --add-opens=java.base/java.net=ALL-UNNAMED --add-opens=java.base/java.util.concurrent.atomic=ALL-UNNAMED -XX:MaxMetaspaceSize=384m -XX:+HeapDumpOnOutOfMemoryError -Xms256m -Xmx512m -Dfile.encoding=windows-1252 -Duser.country=IT -Duser.language=it -Duser.variant -javaagent:C:\Users\Ambrogiani\.gradle\wrapper\dists\gradle-8.5-bin\5t9huq95ubn472n8rpzujfbqh\gradle-8.5\lib\agents\gradle-instrumentation-agent-8.5.jar org.gradle.launcher.daemon.bootstrap.GradleDaemon 8.5

Host: Intel(R) Core(TM) i7-8700K CPU @ 3.70GHz, 12 cores, 15G,  Windows 10 , 64 bit Build 19041 (10.0.19041.3636)
Time: Fri Jan 26 11:01:53 2024 ora solare Europa occidentale elapsed time: 4.390676 seconds (0d 0h 0m 4s)

---------------  T H R E A D  ---------------

Current thread (0x0000017802c93050):  JavaThread "C2 CompilerThread0" daemon [_thread_in_native, id=15404, stack(0x00000001a1100000,0x00000001a1200000)]


Current CompileTask:
C2:   4390 4714   !   4       com.google.common.reflect.TypeVisitor::visit (225 bytes)

Stack: [0x00000001a1100000,0x00000001a1200000],  sp=0x00000001a11fb790,  free space=1005k
Native frames: (J=compiled Java code, j=interpreted, Vv=VM code, C=native code)
V  [jvm.dll+0x36c050]
V  [jvm.dll+0x365421]
V  [jvm.dll+0x1bd75f]
V  [jvm.dll+0x21a709]
V  [jvm.dll+0x2199d1]
V  [jvm.dll+0x1a57cd]
V  [jvm.dll+0x2297ae]
V  [jvm.dll+0x22797c]
V  [jvm.dll+0x7e9877]
V  [jvm.dll+0x7e3c3a]
V  [jvm.dll+0x67be35]
C  [ucrtbase.dll+0x21bb2]
C  [KERNEL32.DLL+0x17344]
C  [ntdll.dll+0x526b1]


siginfo: EXCEPTION_ACCESS_VIOLATION (0xc0000005), reading address 0x00007f7c37f73d48


Registers:
RAX=0x0000000000000000, RBX=0x00000001a11fb7e0, RCX=0x0000000000000000, RDX=0x00007f7c37f73d48
RSP=0x00000001a11fb790, RBP=0x00000001a11fb8f0, RSI=0x00007ffc37f73d48, RDI=0x0000000000000001
R8 =0x00000178221b0d10, R9 =0x000001781f0cce60, R10=0x0000000000000003, R11=0x000001781c4d89e0
R12=0x0000000000000000, R13=0x0000017820d6b958, R14=0x000000000000002e, R15=0x00007ffc37f73d48
RIP=0x00007ffc3775c050, EFLAGS=0x0000000000010246


Register to memory mapping:

RIP=0x00007ffc3775c050 jvm.dll
RAX=0x0 is NULL
RBX=0x00000001a11fb7e0 is pointing into the stack for thread: 0x0000017802c93050
RCX=0x0 is NULL
RDX=0x00007f7c37f73d48 is an unknown value
RSP=0x00000001a11fb790 is pointing into the stack for thread: 0x0000017802c93050
RBP=0x00000001a11fb8f0 is pointing into the stack for thread: 0x0000017802c93050
RSI=0x00007ffc37f73d48 jvm.dll
RDI=0x0000000000000001 is an unknown value
R8 =0x00000178221b0d10 points into unknown readable memory: 0x0000001900000014 | 14 00 00 00 19 00 00 00
R9 =0x000001781f0cce60 points into unknown readable memory: 0x0000000000000000 | 00 00 00 00 00 00 00 00
R10=0x0000000000000003 is an unknown value
R11=0x000001781c4d89e0 points into unknown readable memory: 0x0000000000000000 | 00 00 00 00 00 00 00 00
R12=0x0 is NULL
R13=0x0000017820d6b958 points into unknown readable memory: 0x880006fff0a39492 | 92 94 a3 f0 ff 06 00 88
R14=0x000000000000002e is an unknown value
R15=0x00007ffc37f73d48 jvm.dll


Top of Stack: (sp=0x00000001a11fb790)
0x00000001a11fb790:   0000017802c78880 000001781c76fb00
0x00000001a11fb7a0:   000000000024cf18 00007ffc37d52cd8
0x00000001a11fb7b0:   000001782214dc10 00007ffc37755421
0x00000001a11fb7c0:   00000000000022ae 00000000000022ae
0x00000001a11fb7d0:   0000017802c78800 0000000000000000
0x00000001a11fb7e0:   0000000000000000 0000000400000000
0x00000001a11fb7f0:   0000001900000000 00007f7c37f73d48
0x00000001a11fb800:   000001781c505d20 00000178221b0d10
0x00000001a11fb810:   0000017820d6b580 0000000000000000
0x00000001a11fb820:   00000001a11fb930 00007ffc375ad75f
0x00000001a11fb830:   00000001a11fbc80 00000001a11fbd60
0x00000001a11fb840:   00000000000003d8 0000017820d6b570
0x00000001a11fb850:   0000000000000000 00007ffc90b0fde6
0x00000001a11fb860:   0000000000000006 0000017820d6b570
0x00000001a11fb870:   000001781f0c8170 000001781f0cd460
0x00000001a11fb880:   000001781f0d0158 00000000008f4c10
0x00000001a11fb890:   0000000000000000 0000000000000000
0x00000001a11fb8a0:   0000000000000000 0000000000000000
0x00000001a11fb8b0:   0000000000000000 00007ffc37d20ce8
0x00000001a11fb8c0:   0000000000000000 00000001a11fe5d0
0x00000001a11fb8d0:   0000000000000000 00007ffc37d20ce8
0x00000001a11fb8e0:   0000000000000000 0000000000000168
0x00000001a11fb8f0:   000001780000000c 00000001a11fe5d0
0x00000001a11fb900:   0000017822056050 0000000000000000
0x00000001a11fb910:   00000178221db050 000000000000250f
0x00000001a11fb920:   00000001a11fb860 0000017820d6b580
0x00000001a11fb930:   00007ffc37d20cb8 000000010000000d
0x00000001a11fb940:   00000001a11fe5d0 00000001a11fbc80
0x00000001a11fb950:   00000000000022fe 0000017802c78880
0x00000001a11fb960:   00007ffc0000000a 00000001a11fe5d0
0x00000001a11fb970:   0000017820ea3e70 0000000000000000
0x00000001a11fb980:   0000017820e30040 000001781e702560 

Instructions: (pc=0x00007ffc3775c050)
0x00007ffc3775bf50:   48 8b a8 80 00 00 00 48 8b 8d d0 08 00 00 48 85
0x00007ffc3775bf60:   c9 75 0c e8 e8 0b 00 00 48 8b 8d d0 08 00 00 48
0x00007ffc3775bf70:   8b 01 0f 57 c0 48 89 85 d0 08 00 00 0f 11 01 0f
0x00007ffc3775bf80:   11 41 10 41 0f 10 06 0f 11 01 41 0f 10 4e 10 0f
0x00007ffc3775bf90:   11 49 10 48 8b 43 08 48 89 0c 06 ff c7 ba 50 00
0x00007ffc3775bfa0:   00 00 3b bb 90 00 00 00 0f 82 62 ff ff ff 4c 8b
0x00007ffc3775bfb0:   74 24 60 4c 8b 6c 24 58 4c 8b 64 24 50 48 8b c3
0x00007ffc3775bfc0:   48 83 c4 20 41 5f 5f 5e 5d 5b c3 cc cc cc cc cc
0x00007ffc3775bfd0:   40 53 48 83 ec 20 8b 51 0c 48 8b d9 83 fa 04 73
0x00007ffc3775bfe0:   2a 4c 8b 59 18 66 66 66 0f 1f 84 00 00 00 00 00
0x00007ffc3775bff0:   44 8b d2 44 8d 4a 01 4b 83 3c d3 00 0f 85 8f 00
0x00007ffc3775c000:   00 00 41 8b d1 41 83 f9 04 72 e5 48 89 74 24 30
0x00007ffc3775c010:   48 89 7c 24 38 8b 79 10 3b 79 14 73 62 48 8d 35
0x00007ffc3775c020:   24 7d 81 00 0f 1f 40 00 0f 1f 84 00 00 00 00 00
0x00007ffc3775c030:   48 8b 43 20 8b cf 48 8b 14 c8 48 3b d6 74 39 33
0x00007ffc3775c040:   c0 48 89 53 18 33 c9 66 0f 1f 84 00 00 00 00 00
0x00007ffc3775c050:   48 83 3c 11 00 44 8d 48 01 75 6f 48 83 c1 08 41
0x00007ffc3775c060:   8b c1 41 83 f9 04 72 e8 48 8b 4b 28 48 85 c9 74
0x00007ffc3775c070:   07 8b d7 e8 58 01 00 00 ff c7 3b 7b 14 72 b1 48
0x00007ffc3775c080:   8b 74 24 30 33 c0 48 8b 7c 24 38 48 83 c4 20 5b
0x00007ffc3775c090:   c3 8b 41 10 44 8d 04 82 41 c1 e0 06 41 81 c0 00
0x00007ffc3775c0a0:   ff ff ff 44 89 41 08 4b 8b 14 d3 48 0f bc c2 44
0x00007ffc3775c0b0:   89 49 0c 8b c8 48 d3 ea 48 ff ca 41 03 c0 48 89
0x00007ffc3775c0c0:   13 89 43 08 48 83 c4 20 5b c3 48 8b 74 24 30 44
0x00007ffc3775c0d0:   8d 04 b8 8b c8 8d 47 01 48 8b 7c 24 38 41 c1 e0
0x00007ffc3775c0e0:   06 44 89 43 08 48 8b 14 ca 89 43 10 48 0f bc c2
0x00007ffc3775c0f0:   44 89 4b 0c 8b c8 48 d3 ea 48 ff ca 41 03 c0 48
0x00007ffc3775c100:   89 13 89 43 08 48 83 c4 20 5b c3 cc cc cc cc cc
0x00007ffc3775c110:   40 53 48 83 ec 20 65 48 8b 04 25 58 00 00 00 8b
0x00007ffc3775c120:   0d d3 66 85 00 48 8b 1c c8 b8 50 00 00 00 80 3c
0x00007ffc3775c130:   18 00 75 05 e8 cf 3c 52 00 b8 20 00 00 00 48 8b
0x00007ffc3775c140:   04 18 48 8b 88 e0 04 00 00 48 8b 99 80 00 00 00 


Stack slot to memory mapping:
stack at sp + 0 slots: 0x0000017802c78880 points into unknown readable memory: 0x0000000000000006 | 06 00 00 00 00 00 00 00
stack at sp + 1 slots: 0x000001781c76fb00 points into unknown readable memory: 0x000001781e3bc490 | 90 c4 3b 1e 78 01 00 00
stack at sp + 2 slots: 0x000000000024cf18 is an unknown value
stack at sp + 3 slots: 0x00007ffc37d52cd8 jvm.dll
stack at sp + 4 slots: 0x000001782214dc10 points into unknown readable memory: 0x000000230000002a | 2a 00 00 00 23 00 00 00
stack at sp + 5 slots: 0x00007ffc37755421 jvm.dll
stack at sp + 6 slots: 0x00000000000022ae is an unknown value
stack at sp + 7 slots: 0x00000000000022ae is an unknown value


---------------  P R O C E S S  ---------------

Threads class SMR info:
_java_thread_list=0x000001782111b310, length=62, elements={
0x0000017865cc2480, 0x0000017802c5eb20, 0x0000017802c608c0, 0x0000017802c79160,
0x0000017802c7ca50, 0x0000017802c7fbf0, 0x0000017802c80b20, 0x0000017802c93050,
0x0000017802c96980, 0x0000017802c97290, 0x0000017802c7d370, 0x000001781c139e70,
0x0000017802c7f1d0, 0x0000017802c80610, 0x0000017802c7ecc0, 0x0000017802c7e7b0,
0x0000017802c7d880, 0x0000017802c7dd90, 0x0000017802c7e2a0, 0x0000017802c7f6e0,
0x0000017802c80100, 0x000001781e760f10, 0x000001781e761e40, 0x000001781e767450,
0x000001781e763280, 0x000001781e7604f0, 0x000001781e767e70, 0x000001781e762d70,
0x000001781e764bd0, 0x000001781e7641b0, 0x000001781e7650e0, 0x000001781e760a00,
0x000001781e761420, 0x000001781e766010, 0x000001781e6e9b60, 0x000001781e7646c0,
0x000001781e7655f0, 0x000001781e761930, 0x000001781e766a30, 0x000001781e766f40,
0x000001781e762350, 0x000001781e762860, 0x000001781e763790, 0x000001781e765b00,
0x000001781e766520, 0x000001781f5023a0, 0x000001781f4fc880, 0x000001781f4fdcc0,
0x000001781f500030, 0x000001781f4fd7b0, 0x000001781f4ff100, 0x000001781f4fbe60,
0x000001781f500540, 0x000001781f4fe6e0, 0x000001781f4fb950, 0x000001781f4fc370,
0x000001781f4fb440, 0x000001781f4fcd90, 0x000001781f4faf30, 0x000001781f501e90,
0x000001781f4febf0, 0x000001781f4fd2a0
}

Java Threads: ( => current thread )
  0x0000017865cc2480 JavaThread "main" [_thread_blocked, id=1348, stack(0x00000001a0400000,0x00000001a0500000)]
  0x0000017802c5eb20 JavaThread "Reference Handler" daemon [_thread_blocked, id=17272, stack(0x00000001a0b00000,0x00000001a0c00000)]
  0x0000017802c608c0 JavaThread "Finalizer" daemon [_thread_blocked, id=15456, stack(0x00000001a0c00000,0x00000001a0d00000)]
  0x0000017802c79160 JavaThread "Signal Dispatcher" daemon [_thread_blocked, id=2556, stack(0x00000001a0d00000,0x00000001a0e00000)]
  0x0000017802c7ca50 JavaThread "Attach Listener" daemon [_thread_blocked, id=14920, stack(0x00000001a0e00000,0x00000001a0f00000)]
  0x0000017802c7fbf0 JavaThread "Service Thread" daemon [_thread_blocked, id=18168, stack(0x00000001a0f00000,0x00000001a1000000)]
  0x0000017802c80b20 JavaThread "Monitor Deflation Thread" daemon [_thread_blocked, id=10100, stack(0x00000001a1000000,0x00000001a1100000)]
=>0x0000017802c93050 JavaThread "C2 CompilerThread0" daemon [_thread_in_native, id=15404, stack(0x00000001a1100000,0x00000001a1200000)]
  0x0000017802c96980 JavaThread "C1 CompilerThread0" daemon [_thread_blocked, id=4260, stack(0x00000001a1200000,0x00000001a1300000)]
  0x0000017802c97290 JavaThread "Sweeper thread" daemon [_thread_blocked, id=6544, stack(0x00000001a1300000,0x00000001a1400000)]
  0x0000017802c7d370 JavaThread "Common-Cleaner" daemon [_thread_blocked, id=19636, stack(0x00000001a1400000,0x00000001a1500000)]
  0x000001781c139e70 JavaThread "C2 CompilerThread1" daemon [_thread_in_native, id=17800, stack(0x00000001a1500000,0x00000001a1600000)]
  0x0000017802c7f1d0 JavaThread "Notification Thread" daemon [_thread_blocked, id=17116, stack(0x00000001a1600000,0x00000001a1700000)]
  0x0000017802c80610 JavaThread "Daemon health stats" [_thread_blocked, id=9792, stack(0x00000001a1e00000,0x00000001a1f00000)]
  0x0000017802c7ecc0 JavaThread "Incoming local TCP Connector on port 57471" [_thread_in_native, id=21072, stack(0x00000001a1f00000,0x00000001a2000000)]
  0x0000017802c7e7b0 JavaThread "Daemon periodic checks" [_thread_blocked, id=19272, stack(0x00000001a2000000,0x00000001a2100000)]
  0x0000017802c7d880 JavaThread "Daemon" [_thread_blocked, id=10228, stack(0x00000001a2100000,0x00000001a2200000)]
  0x0000017802c7dd90 JavaThread "Handler for socket connection from /127.0.0.1:57471 to /127.0.0.1:57472" [_thread_in_native, id=2240, stack(0x00000001a2200000,0x00000001a2300000)]
  0x0000017802c7e2a0 JavaThread "Cancel handler" [_thread_blocked, id=17348, stack(0x00000001a2300000,0x00000001a2400000)]
  0x0000017802c7f6e0 JavaThread "Daemon worker" [_thread_in_native_trans, id=17960, stack(0x00000001a2400000,0x00000001a2500000)]
  0x0000017802c80100 JavaThread "Asynchronous log dispatcher for DefaultDaemonConnection: socket connection from /127.0.0.1:57471 to /127.0.0.1:57472" [_thread_blocked, id=11560, stack(0x00000001a2500000,0x00000001a2600000)]
  0x000001781e760f10 JavaThread "Stdin handler" [_thread_blocked, id=4676, stack(0x00000001a2600000,0x00000001a2700000)]
  0x000001781e761e40 JavaThread "Daemon client event forwarder" [_thread_blocked, id=7340, stack(0x00000001a2700000,0x00000001a2800000)]
  0x000001781e767450 JavaThread "Cache worker for journal cache (C:\Users\Ambrogiani\.gradle\caches\journal-1)" [_thread_blocked, id=22440, stack(0x00000001a2800000,0x00000001a2900000)]
  0x000001781e763280 JavaThread "File lock request listener" [_thread_in_native, id=13696, stack(0x00000001a2900000,0x00000001a2a00000)]
  0x000001781e7604f0 JavaThread "Cache worker for file hash cache (C:\Users\Ambrogiani\.gradle\caches\8.5\fileHashes)" [_thread_blocked, id=10168, stack(0x00000001a1800000,0x00000001a1900000)]
  0x000001781e767e70 JavaThread "File watcher server" daemon [_thread_in_native, id=4452, stack(0x00000001a2a00000,0x00000001a2b00000)]
  0x000001781e762d70 JavaThread "File watcher consumer" daemon [_thread_blocked, id=11220, stack(0x00000001a2b00000,0x00000001a2c00000)]
  0x000001781e764bd0 JavaThread "Cache worker for checksums cache (C:\Users\Ambrogiani\Desktop\OOP-Pac-Man\OOP23-pac-man\.gradle\8.5\checksums)" [_thread_blocked, id=20688, stack(0x00000001a3200000,0x00000001a3300000)]
  0x000001781e7641b0 JavaThread "Cache worker for file hash cache (C:\Users\Ambrogiani\Desktop\OOP-Pac-Man\OOP23-pac-man\.gradle\8.5\fileHashes)" [_thread_blocked, id=12356, stack(0x00000001a3300000,0x00000001a3400000)]
  0x000001781e7650e0 JavaThread "Cache worker for cache directory md-supplier (C:\Users\Ambrogiani\.gradle\caches\8.5\md-supplier)" [_thread_blocked, id=11732, stack(0x00000001a3400000,0x00000001a3500000)]
  0x000001781e760a00 JavaThread "Cache worker for cache directory md-rule (C:\Users\Ambrogiani\.gradle\caches\8.5\md-rule)" [_thread_blocked, id=9272, stack(0x00000001a3500000,0x00000001a3600000)]
  0x000001781e761420 JavaThread "Cache worker for file content cache (C:\Users\Ambrogiani\.gradle\caches\8.5\fileContent)" [_thread_blocked, id=17992, stack(0x00000001a3600000,0x00000001a3700000)]
  0x000001781e766010 JavaThread "Cache worker for execution history cache (C:\Users\Ambrogiani\.gradle\caches\8.5\executionHistory)" [_thread_blocked, id=14364, stack(0x00000001a3700000,0x00000001a3800000)]
  0x000001781e6e9b60 JavaThread "C2 CompilerThread2" daemon [_thread_in_native, id=6768, stack(0x00000001a3800000,0x00000001a3900000)]
  0x000001781e7646c0 JavaThread "Cache worker for kotlin-dsl (C:\Users\Ambrogiani\.gradle\caches\8.5\kotlin-dsl)" [_thread_blocked, id=7624, stack(0x00000001a3900000,0x00000001a3a00000)]
  0x000001781e7655f0 JavaThread "jar transforms" [_thread_blocked, id=16748, stack(0x00000001a3a00000,0x00000001a3b00000)]
  0x000001781e761930 JavaThread "jar transforms Thread 2" [_thread_blocked, id=7892, stack(0x00000001a3b00000,0x00000001a3c00000)]
  0x000001781e766a30 JavaThread "Cache worker for dependencies-accessors (C:\Users\Ambrogiani\Desktop\OOP-Pac-Man\OOP23-pac-man\.gradle\8.5\dependencies-accessors)" [_thread_blocked, id=18548, stack(0x00000001a3c00000,0x00000001a3d00000)]
  0x000001781e766f40 JavaThread "Cache worker for Build Output Cleanup Cache (C:\Users\Ambrogiani\Desktop\OOP-Pac-Man\OOP23-pac-man\.gradle\buildOutputCleanup)" [_thread_blocked, id=12168, stack(0x00000001a3d00000,0x00000001a3e00000)]
  0x000001781e762350 JavaThread "jar transforms Thread 3" [_thread_blocked, id=16520, stack(0x00000001a3e00000,0x00000001a3f00000)]
  0x000001781e762860 JavaThread "jar transforms Thread 4" [_thread_blocked, id=13428, stack(0x00000001a3f00000,0x00000001a4000000)]
  0x000001781e763790 JavaThread "Unconstrained build operations" [_thread_blocked, id=16460, stack(0x00000001a4000000,0x00000001a4100000)]
  0x000001781e765b00 JavaThread "Unconstrained build operations Thread 2" [_thread_blocked, id=6444, stack(0x00000001a4100000,0x00000001a4200000)]
  0x000001781e766520 JavaThread "Unconstrained build operations Thread 3" [_thread_blocked, id=15308, stack(0x00000001a4200000,0x00000001a4300000)]
  0x000001781f5023a0 JavaThread "Unconstrained build operations Thread 4" [_thread_blocked, id=15220, stack(0x00000001a4300000,0x00000001a4400000)]
  0x000001781f4fc880 JavaThread "Unconstrained build operations Thread 5" [_thread_blocked, id=8224, stack(0x00000001a4400000,0x00000001a4500000)]
  0x000001781f4fdcc0 JavaThread "Unconstrained build operations Thread 6" [_thread_blocked, id=20180, stack(0x00000001a4500000,0x00000001a4600000)]
  0x000001781f500030 JavaThread "Unconstrained build operations Thread 7" [_thread_blocked, id=12848, stack(0x00000001a4600000,0x00000001a4700000)]
  0x000001781f4fd7b0 JavaThread "Unconstrained build operations Thread 8" [_thread_blocked, id=20020, stack(0x00000001a4700000,0x00000001a4800000)]
  0x000001781f4ff100 JavaThread "Unconstrained build operations Thread 9" [_thread_blocked, id=11848, stack(0x00000001a4800000,0x00000001a4900000)]
  0x000001781f4fbe60 JavaThread "Unconstrained build operations Thread 10" [_thread_blocked, id=15044, stack(0x00000001a4900000,0x00000001a4a00000)]
  0x000001781f500540 JavaThread "Unconstrained build operations Thread 11" [_thread_blocked, id=2668, stack(0x00000001a4a00000,0x00000001a4b00000)]
  0x000001781f4fe6e0 JavaThread "jar transforms Thread 5" [_thread_blocked, id=17508, stack(0x00000001a4b00000,0x00000001a4c00000)]
  0x000001781f4fb950 JavaThread "jar transforms Thread 6" [_thread_blocked, id=7404, stack(0x00000001a4c00000,0x00000001a4d00000)]
  0x000001781f4fc370 JavaThread "jar transforms Thread 7" [_thread_blocked, id=22120, stack(0x00000001a4d00000,0x00000001a4e00000)]
  0x000001781f4fb440 JavaThread "jar transforms Thread 8" [_thread_blocked, id=1008, stack(0x00000001a4e00000,0x00000001a4f00000)]
  0x000001781f4fcd90 JavaThread "jar transforms Thread 9" [_thread_blocked, id=16432, stack(0x00000001a4f00000,0x00000001a5000000)]
  0x000001781f4faf30 JavaThread "jar transforms Thread 10" [_thread_blocked, id=21844, stack(0x00000001a5000000,0x00000001a5100000)]
  0x000001781f501e90 JavaThread "jar transforms Thread 11" [_thread_blocked, id=10976, stack(0x00000001a5100000,0x00000001a5200000)]
  0x000001781f4febf0 JavaThread "jar transforms Thread 12" [_thread_blocked, id=20776, stack(0x00000001a5200000,0x00000001a5300000)]
  0x000001781f4fd2a0 JavaThread "Memory manager" [_thread_blocked, id=15796, stack(0x00000001a5300000,0x00000001a5400000)]

Other Threads:
  0x0000017802c5b000 VMThread "VM Thread" [stack: 0x00000001a0a00000,0x00000001a0b00000] [id=20556]
  0x000001781c1bd940 WatcherThread [stack: 0x00000001a1700000,0x00000001a1800000] [id=736]
  0x0000017865cf1130 GCTaskThread "GC Thread#0" [stack: 0x00000001a0500000,0x00000001a0600000] [id=19828]
  0x000001781cf2a490 GCTaskThread "GC Thread#1" [stack: 0x00000001a1900000,0x00000001a1a00000] [id=22444]
  0x000001781d5ddb60 GCTaskThread "GC Thread#2" [stack: 0x00000001a1a00000,0x00000001a1b00000] [id=8816]
  0x000001781c8829f0 GCTaskThread "GC Thread#3" [stack: 0x00000001a1b00000,0x00000001a1c00000] [id=12420]
  0x000001781c882cb0 GCTaskThread "GC Thread#4" [stack: 0x00000001a1c00000,0x00000001a1d00000] [id=20436]
  0x000001781c882f70 GCTaskThread "GC Thread#5" [stack: 0x00000001a1d00000,0x00000001a1e00000] [id=14988]
  0x000001781e37c3b0 GCTaskThread "GC Thread#6" [stack: 0x00000001a2c00000,0x00000001a2d00000] [id=4720]
  0x000001781e37b070 GCTaskThread "GC Thread#7" [stack: 0x00000001a2d00000,0x00000001a2e00000] [id=10208]
  0x000001781e37bb70 GCTaskThread "GC Thread#8" [stack: 0x00000001a2e00000,0x00000001a2f00000] [id=15264]
  0x000001781e37c670 GCTaskThread "GC Thread#9" [stack: 0x00000001a2f00000,0x00000001a3000000] [id=14440]
  0x0000017865cf6fa0 ConcurrentGCThread "G1 Main Marker" [stack: 0x00000001a0600000,0x00000001a0700000] [id=20980]
  0x0000017865cf9080 ConcurrentGCThread "G1 Conc#0" [stack: 0x00000001a0700000,0x00000001a0800000] [id=1260]
  0x000001781e37b8b0 ConcurrentGCThread "G1 Conc#1" [stack: 0x00000001a3000000,0x00000001a3100000] [id=21324]
  0x000001781e37c930 ConcurrentGCThread "G1 Conc#2" [stack: 0x00000001a3100000,0x00000001a3200000] [id=14036]
  0x0000017865d7e790 ConcurrentGCThread "G1 Refine#0" [stack: 0x00000001a0800000,0x00000001a0900000] [id=21192]
  0x0000017802b202c0 ConcurrentGCThread "G1 Service" [stack: 0x00000001a0900000,0x00000001a0a00000] [id=1964]

Threads with active compile tasks:
C2 CompilerThread0     4460 4714   !   4       com.google.common.reflect.TypeVisitor::visit (225 bytes)
C2 CompilerThread1     4460 4919       4       org.codehaus.groovy.reflection.CachedMethod::compareTo (25 bytes)
C2 CompilerThread2     4460 4974       4       org.codehaus.groovy.reflection.CachedMethod::compareToCachedMethod (160 bytes)

VM state: not at safepoint (normal execution)

VM Mutex/Monitor currently owned by a thread: None

Heap address: 0x00000000e0000000, size: 512 MB, Compressed Oops mode: 32-bit

CDS archive(s) mapped at: [0x0000017803000000-0x0000017803ba0000-0x0000017803ba0000), size 12189696, SharedBaseAddress: 0x0000017803000000, ArchiveRelocationMode: 1.
Compressed class space mapped at: 0x0000017804000000-0x0000017818000000, reserved size: 335544320
Narrow klass base: 0x0000017803000000, Narrow klass shift: 0, Narrow klass range: 0x100000000

GC Precious Log:
 CPUs: 12 total, 12 available
 Memory: 16322M
 Large Page Support: Disabled
 NUMA Support: Disabled
 Compressed Oops: Enabled (32-bit)
 Heap Region Size: 1M
 Heap Min Capacity: 256M
 Heap Initial Capacity: 256M
 Heap Max Capacity: 512M
 Pre-touch: Disabled
 Parallel Workers: 10
 Concurrent Workers: 3
 Concurrent Refinement Workers: 10
 Periodic GC: Disabled

Heap:
 garbage-first heap   total 262144K, used 138003K [0x00000000e0000000, 0x0000000100000000)
  region size 1024K, 111 young (113664K), 9 survivors (9216K)
 Metaspace       used 45846K, committed 46272K, reserved 393216K
  class space    used 6575K, committed 6784K, reserved 327680K

Heap Regions: E=young(eden), S=young(survivor), O=old, HS=humongous(starts), HC=humongous(continues), CS=collection set, F=free, OA=open archive, CA=closed archive, TAMS=top-at-mark-start (previous, next)
|   0|0x00000000e0000000, 0x00000000e0100000, 0x00000000e0100000|100%|HS|  |TAMS 0x00000000e0100000, 0x00000000e0000000| Complete 
|   1|0x00000000e0100000, 0x00000000e0200000, 0x00000000e0200000|100%|HC|  |TAMS 0x00000000e0200000, 0x00000000e0100000| Complete 
|   2|0x00000000e0200000, 0x00000000e0300000, 0x00000000e0300000|100%|HC|  |TAMS 0x00000000e0300000, 0x00000000e0200000| Complete 
|   3|0x00000000e0300000, 0x00000000e0400000, 0x00000000e0400000|100%|HC|  |TAMS 0x00000000e0400000, 0x00000000e0300000| Complete 
|   4|0x00000000e0400000, 0x00000000e0500000, 0x00000000e0500000|100%| O|  |TAMS 0x00000000e0500000, 0x00000000e0400000| Untracked 
|   5|0x00000000e0500000, 0x00000000e0600000, 0x00000000e0600000|100%| O|  |TAMS 0x00000000e0600000, 0x00000000e0500000| Untracked 
|   6|0x00000000e0600000, 0x00000000e0700000, 0x00000000e0700000|100%| O|  |TAMS 0x00000000e0700000, 0x00000000e0600000| Untracked 
|   7|0x00000000e0700000, 0x00000000e0800000, 0x00000000e0800000|100%| O|  |TAMS 0x00000000e0800000, 0x00000000e0700000| Untracked 
|   8|0x00000000e0800000, 0x00000000e0900000, 0x00000000e0900000|100%| O|  |TAMS 0x00000000e0900000, 0x00000000e0800000| Untracked 
|   9|0x00000000e0900000, 0x00000000e0a00000, 0x00000000e0a00000|100%| O|  |TAMS 0x00000000e0a00000, 0x00000000e0900000| Untracked 
|  10|0x00000000e0a00000, 0x00000000e0b00000, 0x00000000e0b00000|100%| O|  |TAMS 0x00000000e0a22200, 0x00000000e0a00000| Untracked 
|  11|0x00000000e0b00000, 0x00000000e0c00000, 0x00000000e0c00000|100%|HS|  |TAMS 0x00000000e0b00000, 0x00000000e0b00000| Complete 
|  12|0x00000000e0c00000, 0x00000000e0c00000, 0x00000000e0d00000|  0%| F|  |TAMS 0x00000000e0c00000, 0x00000000e0c00000| Untracked 
|  13|0x00000000e0d00000, 0x00000000e0e00000, 0x00000000e0e00000|100%| O|  |TAMS 0x00000000e0d00000, 0x00000000e0d00000| Untracked 
|  14|0x00000000e0e00000, 0x00000000e0f00000, 0x00000000e0f00000|100%| O|  |TAMS 0x00000000e0e00000, 0x00000000e0e00000| Untracked 
|  15|0x00000000e0f00000, 0x00000000e1000000, 0x00000000e1000000|100%| O|  |TAMS 0x00000000e0f00000, 0x00000000e0f00000| Untracked 
|  16|0x00000000e1000000, 0x00000000e1100000, 0x00000000e1100000|100%| O|  |TAMS 0x00000000e1000000, 0x00000000e1000000| Untracked 
|  17|0x00000000e1100000, 0x00000000e1200000, 0x00000000e1200000|100%| O|  |TAMS 0x00000000e1100000, 0x00000000e1100000| Untracked 
|  18|0x00000000e1200000, 0x00000000e1300000, 0x00000000e1300000|100%| O|  |TAMS 0x00000000e1200000, 0x00000000e1200000| Untracked 
|  19|0x00000000e1300000, 0x00000000e1400000, 0x00000000e1400000|100%| O|  |TAMS 0x00000000e1300000, 0x00000000e1300000| Untracked 
|  20|0x00000000e1400000, 0x00000000e1500000, 0x00000000e1500000|100%| O|  |TAMS 0x00000000e1400000, 0x00000000e1400000| Untracked 
|  21|0x00000000e1500000, 0x00000000e1600000, 0x00000000e1600000|100%| O|  |TAMS 0x00000000e1500000, 0x00000000e1500000| Untracked 
|  22|0x00000000e1600000, 0x00000000e1700000, 0x00000000e1700000|100%| O|  |TAMS 0x00000000e1600000, 0x00000000e1600000| Untracked 
|  23|0x00000000e1700000, 0x00000000e174ee00, 0x00000000e1800000| 30%| O|  |TAMS 0x00000000e1700000, 0x00000000e1700000| Untracked 
|  24|0x00000000e1800000, 0x00000000e1900000, 0x00000000e1900000|100%|HS|  |TAMS 0x00000000e1800000, 0x00000000e1800000| Complete 
|  25|0x00000000e1900000, 0x00000000e1a00000, 0x00000000e1a00000|100%|HC|  |TAMS 0x00000000e1900000, 0x00000000e1900000| Complete 
|  26|0x00000000e1a00000, 0x00000000e1b00000, 0x00000000e1b00000|100%|HS|  |TAMS 0x00000000e1a00000, 0x00000000e1a00000| Complete 
|  27|0x00000000e1b00000, 0x00000000e1c00000, 0x00000000e1c00000|100%|HC|  |TAMS 0x00000000e1b00000, 0x00000000e1b00000| Complete 
|  28|0x00000000e1c00000, 0x00000000e1c00000, 0x00000000e1d00000|  0%| F|  |TAMS 0x00000000e1c00000, 0x00000000e1c00000| Untracked 
|  29|0x00000000e1d00000, 0x00000000e1d00000, 0x00000000e1e00000|  0%| F|  |TAMS 0x00000000e1d00000, 0x00000000e1d00000| Untracked 
|  30|0x00000000e1e00000, 0x00000000e1e00000, 0x00000000e1f00000|  0%| F|  |TAMS 0x00000000e1e00000, 0x00000000e1e00000| Untracked 
|  31|0x00000000e1f00000, 0x00000000e1f00000, 0x00000000e2000000|  0%| F|  |TAMS 0x00000000e1f00000, 0x00000000e1f00000| Untracked 
|  32|0x00000000e2000000, 0x00000000e2000000, 0x00000000e2100000|  0%| F|  |TAMS 0x00000000e2000000, 0x00000000e2000000| Untracked 
|  33|0x00000000e2100000, 0x00000000e2100000, 0x00000000e2200000|  0%| F|  |TAMS 0x00000000e2100000, 0x00000000e2100000| Untracked 
|  34|0x00000000e2200000, 0x00000000e2200000, 0x00000000e2300000|  0%| F|  |TAMS 0x00000000e2200000, 0x00000000e2200000| Untracked 
|  35|0x00000000e2300000, 0x00000000e2300000, 0x00000000e2400000|  0%| F|  |TAMS 0x00000000e2300000, 0x00000000e2300000| Untracked 
|  36|0x00000000e2400000, 0x00000000e2400000, 0x00000000e2500000|  0%| F|  |TAMS 0x00000000e2400000, 0x00000000e2400000| Untracked 
|  37|0x00000000e2500000, 0x00000000e2500000, 0x00000000e2600000|  0%| F|  |TAMS 0x00000000e2500000, 0x00000000e2500000| Untracked 
|  38|0x00000000e2600000, 0x00000000e2600000, 0x00000000e2700000|  0%| F|  |TAMS 0x00000000e2600000, 0x00000000e2600000| Untracked 
|  39|0x00000000e2700000, 0x00000000e2700000, 0x00000000e2800000|  0%| F|  |TAMS 0x00000000e2700000, 0x00000000e2700000| Untracked 
|  40|0x00000000e2800000, 0x00000000e2800000, 0x00000000e2900000|  0%| F|  |TAMS 0x00000000e2800000, 0x00000000e2800000| Untracked 
|  41|0x00000000e2900000, 0x00000000e2900000, 0x00000000e2a00000|  0%| F|  |TAMS 0x00000000e2900000, 0x00000000e2900000| Untracked 
|  42|0x00000000e2a00000, 0x00000000e2a00000, 0x00000000e2b00000|  0%| F|  |TAMS 0x00000000e2a00000, 0x00000000e2a00000| Untracked 
|  43|0x00000000e2b00000, 0x00000000e2b00000, 0x00000000e2c00000|  0%| F|  |TAMS 0x00000000e2b00000, 0x00000000e2b00000| Untracked 
|  44|0x00000000e2c00000, 0x00000000e2c00000, 0x00000000e2d00000|  0%| F|  |TAMS 0x00000000e2c00000, 0x00000000e2c00000| Untracked 
|  45|0x00000000e2d00000, 0x00000000e2d00000, 0x00000000e2e00000|  0%| F|  |TAMS 0x00000000e2d00000, 0x00000000e2d00000| Untracked 
|  46|0x00000000e2e00000, 0x00000000e2e00000, 0x00000000e2f00000|  0%| F|  |TAMS 0x00000000e2e00000, 0x00000000e2e00000| Untracked 
|  47|0x00000000e2f00000, 0x00000000e2f00000, 0x00000000e3000000|  0%| F|  |TAMS 0x00000000e2f00000, 0x00000000e2f00000| Untracked 
|  48|0x00000000e3000000, 0x00000000e3000000, 0x00000000e3100000|  0%| F|  |TAMS 0x00000000e3000000, 0x00000000e3000000| Untracked 
|  49|0x00000000e3100000, 0x00000000e3100000, 0x00000000e3200000|  0%| F|  |TAMS 0x00000000e3100000, 0x00000000e3100000| Untracked 
|  50|0x00000000e3200000, 0x00000000e3200000, 0x00000000e3300000|  0%| F|  |TAMS 0x00000000e3200000, 0x00000000e3200000| Untracked 
|  51|0x00000000e3300000, 0x00000000e3300000, 0x00000000e3400000|  0%| F|  |TAMS 0x00000000e3300000, 0x00000000e3300000| Untracked 
|  52|0x00000000e3400000, 0x00000000e3400000, 0x00000000e3500000|  0%| F|  |TAMS 0x00000000e3400000, 0x00000000e3400000| Untracked 
|  53|0x00000000e3500000, 0x00000000e3500000, 0x00000000e3600000|  0%| F|  |TAMS 0x00000000e3500000, 0x00000000e3500000| Untracked 
|  54|0x00000000e3600000, 0x00000000e3600000, 0x00000000e3700000|  0%| F|  |TAMS 0x00000000e3600000, 0x00000000e3600000| Untracked 
|  55|0x00000000e3700000, 0x00000000e3700000, 0x00000000e3800000|  0%| F|  |TAMS 0x00000000e3700000, 0x00000000e3700000| Untracked 
|  56|0x00000000e3800000, 0x00000000e3800000, 0x00000000e3900000|  0%| F|  |TAMS 0x00000000e3800000, 0x00000000e3800000| Untracked 
|  57|0x00000000e3900000, 0x00000000e3900000, 0x00000000e3a00000|  0%| F|  |TAMS 0x00000000e3900000, 0x00000000e3900000| Untracked 
|  58|0x00000000e3a00000, 0x00000000e3a00000, 0x00000000e3b00000|  0%| F|  |TAMS 0x00000000e3a00000, 0x00000000e3a00000| Untracked 
|  59|0x00000000e3b00000, 0x00000000e3b00000, 0x00000000e3c00000|  0%| F|  |TAMS 0x00000000e3b00000, 0x00000000e3b00000| Untracked 
|  60|0x00000000e3c00000, 0x00000000e3c00000, 0x00000000e3d00000|  0%| F|  |TAMS 0x00000000e3c00000, 0x00000000e3c00000| Untracked 
|  61|0x00000000e3d00000, 0x00000000e3d00000, 0x00000000e3e00000|  0%| F|  |TAMS 0x00000000e3d00000, 0x00000000e3d00000| Untracked 
|  62|0x00000000e3e00000, 0x00000000e3e00000, 0x00000000e3f00000|  0%| F|  |TAMS 0x00000000e3e00000, 0x00000000e3e00000| Untracked 
|  63|0x00000000e3f00000, 0x00000000e3f00000, 0x00000000e4000000|  0%| F|  |TAMS 0x00000000e3f00000, 0x00000000e3f00000| Untracked 
|  64|0x00000000e4000000, 0x00000000e4000000, 0x00000000e4100000|  0%| F|  |TAMS 0x00000000e4000000, 0x00000000e4000000| Untracked 
|  65|0x00000000e4100000, 0x00000000e4100000, 0x00000000e4200000|  0%| F|  |TAMS 0x00000000e4100000, 0x00000000e4100000| Untracked 
|  66|0x00000000e4200000, 0x00000000e4200000, 0x00000000e4300000|  0%| F|  |TAMS 0x00000000e4200000, 0x00000000e4200000| Untracked 
|  67|0x00000000e4300000, 0x00000000e4300000, 0x00000000e4400000|  0%| F|  |TAMS 0x00000000e4300000, 0x00000000e4300000| Untracked 
|  68|0x00000000e4400000, 0x00000000e4400000, 0x00000000e4500000|  0%| F|  |TAMS 0x00000000e4400000, 0x00000000e4400000| Untracked 
|  69|0x00000000e4500000, 0x00000000e4500000, 0x00000000e4600000|  0%| F|  |TAMS 0x00000000e4500000, 0x00000000e4500000| Untracked 
|  70|0x00000000e4600000, 0x00000000e4600000, 0x00000000e4700000|  0%| F|  |TAMS 0x00000000e4600000, 0x00000000e4600000| Untracked 
|  71|0x00000000e4700000, 0x00000000e4700000, 0x00000000e4800000|  0%| F|  |TAMS 0x00000000e4700000, 0x00000000e4700000| Untracked 
|  72|0x00000000e4800000, 0x00000000e4800000, 0x00000000e4900000|  0%| F|  |TAMS 0x00000000e4800000, 0x00000000e4800000| Untracked 
|  73|0x00000000e4900000, 0x00000000e4900000, 0x00000000e4a00000|  0%| F|  |TAMS 0x00000000e4900000, 0x00000000e4900000| Untracked 
|  74|0x00000000e4a00000, 0x00000000e4a00000, 0x00000000e4b00000|  0%| F|  |TAMS 0x00000000e4a00000, 0x00000000e4a00000| Untracked 
|  75|0x00000000e4b00000, 0x00000000e4b00000, 0x00000000e4c00000|  0%| F|  |TAMS 0x00000000e4b00000, 0x00000000e4b00000| Untracked 
|  76|0x00000000e4c00000, 0x00000000e4c00000, 0x00000000e4d00000|  0%| F|  |TAMS 0x00000000e4c00000, 0x00000000e4c00000| Untracked 
|  77|0x00000000e4d00000, 0x00000000e4d00000, 0x00000000e4e00000|  0%| F|  |TAMS 0x00000000e4d00000, 0x00000000e4d00000| Untracked 
|  78|0x00000000e4e00000, 0x00000000e4e00000, 0x00000000e4f00000|  0%| F|  |TAMS 0x00000000e4e00000, 0x00000000e4e00000| Untracked 
|  79|0x00000000e4f00000, 0x00000000e4f00000, 0x00000000e5000000|  0%| F|  |TAMS 0x00000000e4f00000, 0x00000000e4f00000| Untracked 
|  80|0x00000000e5000000, 0x00000000e5000000, 0x00000000e5100000|  0%| F|  |TAMS 0x00000000e5000000, 0x00000000e5000000| Untracked 
|  81|0x00000000e5100000, 0x00000000e5100000, 0x00000000e5200000|  0%| F|  |TAMS 0x00000000e5100000, 0x00000000e5100000| Untracked 
|  82|0x00000000e5200000, 0x00000000e5200000, 0x00000000e5300000|  0%| F|  |TAMS 0x00000000e5200000, 0x00000000e5200000| Untracked 
|  83|0x00000000e5300000, 0x00000000e5300000, 0x00000000e5400000|  0%| F|  |TAMS 0x00000000e5300000, 0x00000000e5300000| Untracked 
|  84|0x00000000e5400000, 0x00000000e5400000, 0x00000000e5500000|  0%| F|  |TAMS 0x00000000e5400000, 0x00000000e5400000| Untracked 
|  85|0x00000000e5500000, 0x00000000e5500000, 0x00000000e5600000|  0%| F|  |TAMS 0x00000000e5500000, 0x00000000e5500000| Untracked 
|  86|0x00000000e5600000, 0x00000000e5600000, 0x00000000e5700000|  0%| F|  |TAMS 0x00000000e5600000, 0x00000000e5600000| Untracked 
|  87|0x00000000e5700000, 0x00000000e5700000, 0x00000000e5800000|  0%| F|  |TAMS 0x00000000e5700000, 0x00000000e5700000| Untracked 
|  88|0x00000000e5800000, 0x00000000e5800000, 0x00000000e5900000|  0%| F|  |TAMS 0x00000000e5800000, 0x00000000e5800000| Untracked 
|  89|0x00000000e5900000, 0x00000000e5900000, 0x00000000e5a00000|  0%| F|  |TAMS 0x00000000e5900000, 0x00000000e5900000| Untracked 
|  90|0x00000000e5a00000, 0x00000000e5a00000, 0x00000000e5b00000|  0%| F|  |TAMS 0x00000000e5a00000, 0x00000000e5a00000| Untracked 
|  91|0x00000000e5b00000, 0x00000000e5b00000, 0x00000000e5c00000|  0%| F|  |TAMS 0x00000000e5b00000, 0x00000000e5b00000| Untracked 
|  92|0x00000000e5c00000, 0x00000000e5c00000, 0x00000000e5d00000|  0%| F|  |TAMS 0x00000000e5c00000, 0x00000000e5c00000| Untracked 
|  93|0x00000000e5d00000, 0x00000000e5d00000, 0x00000000e5e00000|  0%| F|  |TAMS 0x00000000e5d00000, 0x00000000e5d00000| Untracked 
|  94|0x00000000e5e00000, 0x00000000e5e00000, 0x00000000e5f00000|  0%| F|  |TAMS 0x00000000e5e00000, 0x00000000e5e00000| Untracked 
|  95|0x00000000e5f00000, 0x00000000e5f00000, 0x00000000e6000000|  0%| F|  |TAMS 0x00000000e5f00000, 0x00000000e5f00000| Untracked 
|  96|0x00000000e6000000, 0x00000000e6000000, 0x00000000e6100000|  0%| F|  |TAMS 0x00000000e6000000, 0x00000000e6000000| Untracked 
|  97|0x00000000e6100000, 0x00000000e6100000, 0x00000000e6200000|  0%| F|  |TAMS 0x00000000e6100000, 0x00000000e6100000| Untracked 
|  98|0x00000000e6200000, 0x00000000e6200000, 0x00000000e6300000|  0%| F|  |TAMS 0x00000000e6200000, 0x00000000e6200000| Untracked 
|  99|0x00000000e6300000, 0x00000000e6300000, 0x00000000e6400000|  0%| F|  |TAMS 0x00000000e6300000, 0x00000000e6300000| Untracked 
| 100|0x00000000e6400000, 0x00000000e6400000, 0x00000000e6500000|  0%| F|  |TAMS 0x00000000e6400000, 0x00000000e6400000| Untracked 
| 101|0x00000000e6500000, 0x00000000e6500000, 0x00000000e6600000|  0%| F|  |TAMS 0x00000000e6500000, 0x00000000e6500000| Untracked 
| 102|0x00000000e6600000, 0x00000000e6600000, 0x00000000e6700000|  0%| F|  |TAMS 0x00000000e6600000, 0x00000000e6600000| Untracked 
| 103|0x00000000e6700000, 0x00000000e6700000, 0x00000000e6800000|  0%| F|  |TAMS 0x00000000e6700000, 0x00000000e6700000| Untracked 
| 104|0x00000000e6800000, 0x00000000e6800000, 0x00000000e6900000|  0%| F|  |TAMS 0x00000000e6800000, 0x00000000e6800000| Untracked 
| 105|0x00000000e6900000, 0x00000000e6900000, 0x00000000e6a00000|  0%| F|  |TAMS 0x00000000e6900000, 0x00000000e6900000| Untracked 
| 106|0x00000000e6a00000, 0x00000000e6a00000, 0x00000000e6b00000|  0%| F|  |TAMS 0x00000000e6a00000, 0x00000000e6a00000| Untracked 
| 107|0x00000000e6b00000, 0x00000000e6b00000, 0x00000000e6c00000|  0%| F|  |TAMS 0x00000000e6b00000, 0x00000000e6b00000| Untracked 
| 108|0x00000000e6c00000, 0x00000000e6c00000, 0x00000000e6d00000|  0%| F|  |TAMS 0x00000000e6c00000, 0x00000000e6c00000| Untracked 
| 109|0x00000000e6d00000, 0x00000000e6d00000, 0x00000000e6e00000|  0%| F|  |TAMS 0x00000000e6d00000, 0x00000000e6d00000| Untracked 
| 110|0x00000000e6e00000, 0x00000000e6e00000, 0x00000000e6f00000|  0%| F|  |TAMS 0x00000000e6e00000, 0x00000000e6e00000| Untracked 
| 111|0x00000000e6f00000, 0x00000000e6f00000, 0x00000000e7000000|  0%| F|  |TAMS 0x00000000e6f00000, 0x00000000e6f00000| Untracked 
| 112|0x00000000e7000000, 0x00000000e7000000, 0x00000000e7100000|  0%| F|  |TAMS 0x00000000e7000000, 0x00000000e7000000| Untracked 
| 113|0x00000000e7100000, 0x00000000e7100000, 0x00000000e7200000|  0%| F|  |TAMS 0x00000000e7100000, 0x00000000e7100000| Untracked 
| 114|0x00000000e7200000, 0x00000000e7200000, 0x00000000e7300000|  0%| F|  |TAMS 0x00000000e7200000, 0x00000000e7200000| Untracked 
| 115|0x00000000e7300000, 0x00000000e7300000, 0x00000000e7400000|  0%| F|  |TAMS 0x00000000e7300000, 0x00000000e7300000| Untracked 
| 116|0x00000000e7400000, 0x00000000e7476058, 0x00000000e7500000| 46%| S|CS|TAMS 0x00000000e7400000, 0x00000000e7400000| Complete 
| 117|0x00000000e7500000, 0x00000000e7600000, 0x00000000e7600000|100%| S|CS|TAMS 0x00000000e7500000, 0x00000000e7500000| Complete 
| 118|0x00000000e7600000, 0x00000000e7700000, 0x00000000e7700000|100%| S|CS|TAMS 0x00000000e7600000, 0x00000000e7600000| Complete 
| 119|0x00000000e7700000, 0x00000000e7800000, 0x00000000e7800000|100%| S|CS|TAMS 0x00000000e7700000, 0x00000000e7700000| Complete 
| 120|0x00000000e7800000, 0x00000000e7900000, 0x00000000e7900000|100%| S|CS|TAMS 0x00000000e7800000, 0x00000000e7800000| Complete 
| 121|0x00000000e7900000, 0x00000000e7a00000, 0x00000000e7a00000|100%| S|CS|TAMS 0x00000000e7900000, 0x00000000e7900000| Complete 
| 122|0x00000000e7a00000, 0x00000000e7b00000, 0x00000000e7b00000|100%| S|CS|TAMS 0x00000000e7a00000, 0x00000000e7a00000| Complete 
| 123|0x00000000e7b00000, 0x00000000e7c00000, 0x00000000e7c00000|100%| S|CS|TAMS 0x00000000e7b00000, 0x00000000e7b00000| Complete 
| 124|0x00000000e7c00000, 0x00000000e7d00000, 0x00000000e7d00000|100%| S|CS|TAMS 0x00000000e7c00000, 0x00000000e7c00000| Complete 
| 125|0x00000000e7d00000, 0x00000000e7d00000, 0x00000000e7e00000|  0%| F|  |TAMS 0x00000000e7d00000, 0x00000000e7d00000| Untracked 
| 126|0x00000000e7e00000, 0x00000000e7e00000, 0x00000000e7f00000|  0%| F|  |TAMS 0x00000000e7e00000, 0x00000000e7e00000| Untracked 
| 127|0x00000000e7f00000, 0x00000000e7f00000, 0x00000000e8000000|  0%| F|  |TAMS 0x00000000e7f00000, 0x00000000e7f00000| Untracked 
| 128|0x00000000e8000000, 0x00000000e8000000, 0x00000000e8100000|  0%| F|  |TAMS 0x00000000e8000000, 0x00000000e8000000| Untracked 
| 129|0x00000000e8100000, 0x00000000e8100000, 0x00000000e8200000|  0%| F|  |TAMS 0x00000000e8100000, 0x00000000e8100000| Untracked 
| 130|0x00000000e8200000, 0x00000000e8200000, 0x00000000e8300000|  0%| F|  |TAMS 0x00000000e8200000, 0x00000000e8200000| Untracked 
| 131|0x00000000e8300000, 0x00000000e8300000, 0x00000000e8400000|  0%| F|  |TAMS 0x00000000e8300000, 0x00000000e8300000| Untracked 
| 132|0x00000000e8400000, 0x00000000e8400000, 0x00000000e8500000|  0%| F|  |TAMS 0x00000000e8400000, 0x00000000e8400000| Untracked 
| 133|0x00000000e8500000, 0x00000000e8500000, 0x00000000e8600000|  0%| F|  |TAMS 0x00000000e8500000, 0x00000000e8500000| Untracked 
| 134|0x00000000e8600000, 0x00000000e8600000, 0x00000000e8700000|  0%| F|  |TAMS 0x00000000e8600000, 0x00000000e8600000| Untracked 
| 135|0x00000000e8700000, 0x00000000e8700000, 0x00000000e8800000|  0%| F|  |TAMS 0x00000000e8700000, 0x00000000e8700000| Untracked 
| 136|0x00000000e8800000, 0x00000000e8800000, 0x00000000e8900000|  0%| F|  |TAMS 0x00000000e8800000, 0x00000000e8800000| Untracked 
| 137|0x00000000e8900000, 0x00000000e8900000, 0x00000000e8a00000|  0%| F|  |TAMS 0x00000000e8900000, 0x00000000e8900000| Untracked 
| 138|0x00000000e8a00000, 0x00000000e8a00000, 0x00000000e8b00000|  0%| F|  |TAMS 0x00000000e8a00000, 0x00000000e8a00000| Untracked 
| 139|0x00000000e8b00000, 0x00000000e8b00000, 0x00000000e8c00000|  0%| F|  |TAMS 0x00000000e8b00000, 0x00000000e8b00000| Untracked 
| 140|0x00000000e8c00000, 0x00000000e8c00000, 0x00000000e8d00000|  0%| F|  |TAMS 0x00000000e8c00000, 0x00000000e8c00000| Untracked 
| 141|0x00000000e8d00000, 0x00000000e8d00000, 0x00000000e8e00000|  0%| F|  |TAMS 0x00000000e8d00000, 0x00000000e8d00000| Untracked 
| 142|0x00000000e8e00000, 0x00000000e8e00000, 0x00000000e8f00000|  0%| F|  |TAMS 0x00000000e8e00000, 0x00000000e8e00000| Untracked 
| 143|0x00000000e8f00000, 0x00000000e8f00000, 0x00000000e9000000|  0%| F|  |TAMS 0x00000000e8f00000, 0x00000000e8f00000| Untracked 
| 144|0x00000000e9000000, 0x00000000e9000000, 0x00000000e9100000|  0%| F|  |TAMS 0x00000000e9000000, 0x00000000e9000000| Untracked 
| 145|0x00000000e9100000, 0x00000000e9100000, 0x00000000e9200000|  0%| F|  |TAMS 0x00000000e9100000, 0x00000000e9100000| Untracked 
| 146|0x00000000e9200000, 0x00000000e9200000, 0x00000000e9300000|  0%| F|  |TAMS 0x00000000e9200000, 0x00000000e9200000| Untracked 
| 147|0x00000000e9300000, 0x00000000e9300000, 0x00000000e9400000|  0%| F|  |TAMS 0x00000000e9300000, 0x00000000e9300000| Untracked 
| 148|0x00000000e9400000, 0x00000000e9400000, 0x00000000e9500000|  0%| F|  |TAMS 0x00000000e9400000, 0x00000000e9400000| Untracked 
| 149|0x00000000e9500000, 0x00000000e9500000, 0x00000000e9600000|  0%| F|  |TAMS 0x00000000e9500000, 0x00000000e9500000| Untracked 
| 150|0x00000000e9600000, 0x00000000e9600000, 0x00000000e9700000|  0%| F|  |TAMS 0x00000000e9600000, 0x00000000e9600000| Untracked 
| 151|0x00000000e9700000, 0x00000000e9700000, 0x00000000e9800000|  0%| F|  |TAMS 0x00000000e9700000, 0x00000000e9700000| Untracked 
| 152|0x00000000e9800000, 0x00000000e9800000, 0x00000000e9900000|  0%| F|  |TAMS 0x00000000e9800000, 0x00000000e9800000| Untracked 
| 153|0x00000000e9900000, 0x00000000e9900000, 0x00000000e9a00000|  0%| F|  |TAMS 0x00000000e9900000, 0x00000000e9900000| Untracked 
| 154|0x00000000e9a00000, 0x00000000e9b00000, 0x00000000e9b00000|100%| E|  |TAMS 0x00000000e9a00000, 0x00000000e9a00000| Complete 
| 155|0x00000000e9b00000, 0x00000000e9c00000, 0x00000000e9c00000|100%| E|CS|TAMS 0x00000000e9b00000, 0x00000000e9b00000| Complete 
| 156|0x00000000e9c00000, 0x00000000e9d00000, 0x00000000e9d00000|100%| E|CS|TAMS 0x00000000e9c00000, 0x00000000e9c00000| Complete 
| 157|0x00000000e9d00000, 0x00000000e9e00000, 0x00000000e9e00000|100%| E|CS|TAMS 0x00000000e9d00000, 0x00000000e9d00000| Complete 
| 158|0x00000000e9e00000, 0x00000000e9f00000, 0x00000000e9f00000|100%| E|CS|TAMS 0x00000000e9e00000, 0x00000000e9e00000| Complete 
| 159|0x00000000e9f00000, 0x00000000ea000000, 0x00000000ea000000|100%| E|CS|TAMS 0x00000000e9f00000, 0x00000000e9f00000| Complete 
| 160|0x00000000ea000000, 0x00000000ea100000, 0x00000000ea100000|100%| E|CS|TAMS 0x00000000ea000000, 0x00000000ea000000| Complete 
| 161|0x00000000ea100000, 0x00000000ea200000, 0x00000000ea200000|100%| E|CS|TAMS 0x00000000ea100000, 0x00000000ea100000| Complete 
| 162|0x00000000ea200000, 0x00000000ea300000, 0x00000000ea300000|100%| E|CS|TAMS 0x00000000ea200000, 0x00000000ea200000| Complete 
| 163|0x00000000ea300000, 0x00000000ea400000, 0x00000000ea400000|100%| E|  |TAMS 0x00000000ea300000, 0x00000000ea300000| Complete 
| 164|0x00000000ea400000, 0x00000000ea500000, 0x00000000ea500000|100%| E|CS|TAMS 0x00000000ea400000, 0x00000000ea400000| Complete 
| 165|0x00000000ea500000, 0x00000000ea600000, 0x00000000ea600000|100%| E|CS|TAMS 0x00000000ea500000, 0x00000000ea500000| Complete 
| 166|0x00000000ea600000, 0x00000000ea700000, 0x00000000ea700000|100%| E|CS|TAMS 0x00000000ea600000, 0x00000000ea600000| Complete 
| 167|0x00000000ea700000, 0x00000000ea800000, 0x00000000ea800000|100%| E|CS|TAMS 0x00000000ea700000, 0x00000000ea700000| Complete 
| 168|0x00000000ea800000, 0x00000000ea900000, 0x00000000ea900000|100%| E|CS|TAMS 0x00000000ea800000, 0x00000000ea800000| Complete 
| 169|0x00000000ea900000, 0x00000000eaa00000, 0x00000000eaa00000|100%| E|CS|TAMS 0x00000000ea900000, 0x00000000ea900000| Complete 
| 170|0x00000000eaa00000, 0x00000000eab00000, 0x00000000eab00000|100%| E|CS|TAMS 0x00000000eaa00000, 0x00000000eaa00000| Complete 
| 171|0x00000000eab00000, 0x00000000eac00000, 0x00000000eac00000|100%| E|CS|TAMS 0x00000000eab00000, 0x00000000eab00000| Complete 
| 172|0x00000000eac00000, 0x00000000ead00000, 0x00000000ead00000|100%| E|CS|TAMS 0x00000000eac00000, 0x00000000eac00000| Complete 
| 173|0x00000000ead00000, 0x00000000eae00000, 0x00000000eae00000|100%| E|CS|TAMS 0x00000000ead00000, 0x00000000ead00000| Complete 
| 174|0x00000000eae00000, 0x00000000eaf00000, 0x00000000eaf00000|100%| E|CS|TAMS 0x00000000eae00000, 0x00000000eae00000| Complete 
| 175|0x00000000eaf00000, 0x00000000eb000000, 0x00000000eb000000|100%| E|CS|TAMS 0x00000000eaf00000, 0x00000000eaf00000| Complete 
| 176|0x00000000eb000000, 0x00000000eb100000, 0x00000000eb100000|100%| E|CS|TAMS 0x00000000eb000000, 0x00000000eb000000| Complete 
| 177|0x00000000eb100000, 0x00000000eb200000, 0x00000000eb200000|100%| E|CS|TAMS 0x00000000eb100000, 0x00000000eb100000| Complete 
| 178|0x00000000eb200000, 0x00000000eb300000, 0x00000000eb300000|100%| E|CS|TAMS 0x00000000eb200000, 0x00000000eb200000| Complete 
| 179|0x00000000eb300000, 0x00000000eb400000, 0x00000000eb400000|100%| E|CS|TAMS 0x00000000eb300000, 0x00000000eb300000| Complete 
| 180|0x00000000eb400000, 0x00000000eb500000, 0x00000000eb500000|100%| E|CS|TAMS 0x00000000eb400000, 0x00000000eb400000| Complete 
| 181|0x00000000eb500000, 0x00000000eb600000, 0x00000000eb600000|100%| E|CS|TAMS 0x00000000eb500000, 0x00000000eb500000| Complete 
| 182|0x00000000eb600000, 0x00000000eb700000, 0x00000000eb700000|100%| E|CS|TAMS 0x00000000eb600000, 0x00000000eb600000| Complete 
| 183|0x00000000eb700000, 0x00000000eb800000, 0x00000000eb800000|100%| E|CS|TAMS 0x00000000eb700000, 0x00000000eb700000| Complete 
| 184|0x00000000eb800000, 0x00000000eb900000, 0x00000000eb900000|100%| E|CS|TAMS 0x00000000eb800000, 0x00000000eb800000| Complete 
| 185|0x00000000eb900000, 0x00000000eba00000, 0x00000000eba00000|100%| E|CS|TAMS 0x00000000eb900000, 0x00000000eb900000| Complete 
| 186|0x00000000eba00000, 0x00000000ebb00000, 0x00000000ebb00000|100%| E|CS|TAMS 0x00000000eba00000, 0x00000000eba00000| Complete 
| 187|0x00000000ebb00000, 0x00000000ebc00000, 0x00000000ebc00000|100%| E|CS|TAMS 0x00000000ebb00000, 0x00000000ebb00000| Complete 
| 188|0x00000000ebc00000, 0x00000000ebd00000, 0x00000000ebd00000|100%| E|CS|TAMS 0x00000000ebc00000, 0x00000000ebc00000| Complete 
| 189|0x00000000ebd00000, 0x00000000ebe00000, 0x00000000ebe00000|100%| E|CS|TAMS 0x00000000ebd00000, 0x00000000ebd00000| Complete 
| 190|0x00000000ebe00000, 0x00000000ebf00000, 0x00000000ebf00000|100%| E|CS|TAMS 0x00000000ebe00000, 0x00000000ebe00000| Complete 
| 191|0x00000000ebf00000, 0x00000000ec000000, 0x00000000ec000000|100%| E|CS|TAMS 0x00000000ebf00000, 0x00000000ebf00000| Complete 
| 192|0x00000000ec000000, 0x00000000ec100000, 0x00000000ec100000|100%| E|CS|TAMS 0x00000000ec000000, 0x00000000ec000000| Complete 
| 193|0x00000000ec100000, 0x00000000ec200000, 0x00000000ec200000|100%| E|CS|TAMS 0x00000000ec100000, 0x00000000ec100000| Complete 
| 194|0x00000000ec200000, 0x00000000ec300000, 0x00000000ec300000|100%| E|CS|TAMS 0x00000000ec200000, 0x00000000ec200000| Complete 
| 195|0x00000000ec300000, 0x00000000ec400000, 0x00000000ec400000|100%| E|CS|TAMS 0x00000000ec300000, 0x00000000ec300000| Complete 
| 196|0x00000000ec400000, 0x00000000ec500000, 0x00000000ec500000|100%| E|CS|TAMS 0x00000000ec400000, 0x00000000ec400000| Complete 
| 197|0x00000000ec500000, 0x00000000ec600000, 0x00000000ec600000|100%| E|CS|TAMS 0x00000000ec500000, 0x00000000ec500000| Complete 
| 198|0x00000000ec600000, 0x00000000ec700000, 0x00000000ec700000|100%| E|CS|TAMS 0x00000000ec600000, 0x00000000ec600000| Complete 
| 199|0x00000000ec700000, 0x00000000ec800000, 0x00000000ec800000|100%| E|CS|TAMS 0x00000000ec700000, 0x00000000ec700000| Complete 
| 200|0x00000000ec800000, 0x00000000ec900000, 0x00000000ec900000|100%| E|CS|TAMS 0x00000000ec800000, 0x00000000ec800000| Complete 
| 201|0x00000000ec900000, 0x00000000eca00000, 0x00000000eca00000|100%| E|CS|TAMS 0x00000000ec900000, 0x00000000ec900000| Complete 
| 202|0x00000000eca00000, 0x00000000ecb00000, 0x00000000ecb00000|100%| E|CS|TAMS 0x00000000eca00000, 0x00000000eca00000| Complete 
| 203|0x00000000ecb00000, 0x00000000ecc00000, 0x00000000ecc00000|100%| E|CS|TAMS 0x00000000ecb00000, 0x00000000ecb00000| Complete 
| 204|0x00000000ecc00000, 0x00000000ecd00000, 0x00000000ecd00000|100%| E|CS|TAMS 0x00000000ecc00000, 0x00000000ecc00000| Complete 
| 205|0x00000000ecd00000, 0x00000000ece00000, 0x00000000ece00000|100%| E|CS|TAMS 0x00000000ecd00000, 0x00000000ecd00000| Complete 
| 206|0x00000000ece00000, 0x00000000ecf00000, 0x00000000ecf00000|100%| E|CS|TAMS 0x00000000ece00000, 0x00000000ece00000| Complete 
| 207|0x00000000ecf00000, 0x00000000ed000000, 0x00000000ed000000|100%| E|CS|TAMS 0x00000000ecf00000, 0x00000000ecf00000| Complete 
| 208|0x00000000ed000000, 0x00000000ed100000, 0x00000000ed100000|100%| E|CS|TAMS 0x00000000ed000000, 0x00000000ed000000| Complete 
| 209|0x00000000ed100000, 0x00000000ed200000, 0x00000000ed200000|100%| E|CS|TAMS 0x00000000ed100000, 0x00000000ed100000| Complete 
| 210|0x00000000ed200000, 0x00000000ed300000, 0x00000000ed300000|100%| E|CS|TAMS 0x00000000ed200000, 0x00000000ed200000| Complete 
| 211|0x00000000ed300000, 0x00000000ed400000, 0x00000000ed400000|100%| E|CS|TAMS 0x00000000ed300000, 0x00000000ed300000| Complete 
| 212|0x00000000ed400000, 0x00000000ed500000, 0x00000000ed500000|100%| E|CS|TAMS 0x00000000ed400000, 0x00000000ed400000| Complete 
| 213|0x00000000ed500000, 0x00000000ed600000, 0x00000000ed600000|100%| E|CS|TAMS 0x00000000ed500000, 0x00000000ed500000| Complete 
| 214|0x00000000ed600000, 0x00000000ed700000, 0x00000000ed700000|100%| E|CS|TAMS 0x00000000ed600000, 0x00000000ed600000| Complete 
| 215|0x00000000ed700000, 0x00000000ed800000, 0x00000000ed800000|100%| E|CS|TAMS 0x00000000ed700000, 0x00000000ed700000| Complete 
| 216|0x00000000ed800000, 0x00000000ed900000, 0x00000000ed900000|100%| E|CS|TAMS 0x00000000ed800000, 0x00000000ed800000| Complete 
| 217|0x00000000ed900000, 0x00000000eda00000, 0x00000000eda00000|100%| E|CS|TAMS 0x00000000ed900000, 0x00000000ed900000| Complete 
| 218|0x00000000eda00000, 0x00000000edb00000, 0x00000000edb00000|100%| E|CS|TAMS 0x00000000eda00000, 0x00000000eda00000| Complete 
| 219|0x00000000edb00000, 0x00000000edc00000, 0x00000000edc00000|100%| E|CS|TAMS 0x00000000edb00000, 0x00000000edb00000| Complete 
| 220|0x00000000edc00000, 0x00000000edd00000, 0x00000000edd00000|100%| E|CS|TAMS 0x00000000edc00000, 0x00000000edc00000| Complete 
| 221|0x00000000edd00000, 0x00000000ede00000, 0x00000000ede00000|100%| E|CS|TAMS 0x00000000edd00000, 0x00000000edd00000| Complete 
| 222|0x00000000ede00000, 0x00000000edf00000, 0x00000000edf00000|100%| E|CS|TAMS 0x00000000ede00000, 0x00000000ede00000| Complete 
| 223|0x00000000edf00000, 0x00000000ee000000, 0x00000000ee000000|100%| E|CS|TAMS 0x00000000edf00000, 0x00000000edf00000| Complete 
| 224|0x00000000ee000000, 0x00000000ee100000, 0x00000000ee100000|100%| E|CS|TAMS 0x00000000ee000000, 0x00000000ee000000| Complete 
| 225|0x00000000ee100000, 0x00000000ee200000, 0x00000000ee200000|100%| E|CS|TAMS 0x00000000ee100000, 0x00000000ee100000| Complete 
| 226|0x00000000ee200000, 0x00000000ee300000, 0x00000000ee300000|100%| E|CS|TAMS 0x00000000ee200000, 0x00000000ee200000| Complete 
| 227|0x00000000ee300000, 0x00000000ee400000, 0x00000000ee400000|100%| E|CS|TAMS 0x00000000ee300000, 0x00000000ee300000| Complete 
| 228|0x00000000ee400000, 0x00000000ee500000, 0x00000000ee500000|100%| E|CS|TAMS 0x00000000ee400000, 0x00000000ee400000| Complete 
| 229|0x00000000ee500000, 0x00000000ee600000, 0x00000000ee600000|100%| E|CS|TAMS 0x00000000ee500000, 0x00000000ee500000| Complete 
| 230|0x00000000ee600000, 0x00000000ee700000, 0x00000000ee700000|100%| E|CS|TAMS 0x00000000ee600000, 0x00000000ee600000| Complete 
| 231|0x00000000ee700000, 0x00000000ee800000, 0x00000000ee800000|100%| E|CS|TAMS 0x00000000ee700000, 0x00000000ee700000| Complete 
| 232|0x00000000ee800000, 0x00000000ee900000, 0x00000000ee900000|100%| E|CS|TAMS 0x00000000ee800000, 0x00000000ee800000| Complete 
| 233|0x00000000ee900000, 0x00000000eea00000, 0x00000000eea00000|100%| E|CS|TAMS 0x00000000ee900000, 0x00000000ee900000| Complete 
| 234|0x00000000eea00000, 0x00000000eeb00000, 0x00000000eeb00000|100%| E|CS|TAMS 0x00000000eea00000, 0x00000000eea00000| Complete 
| 235|0x00000000eeb00000, 0x00000000eec00000, 0x00000000eec00000|100%| E|CS|TAMS 0x00000000eeb00000, 0x00000000eeb00000| Complete 
| 236|0x00000000eec00000, 0x00000000eed00000, 0x00000000eed00000|100%| E|CS|TAMS 0x00000000eec00000, 0x00000000eec00000| Complete 
| 237|0x00000000eed00000, 0x00000000eee00000, 0x00000000eee00000|100%| E|CS|TAMS 0x00000000eed00000, 0x00000000eed00000| Complete 
| 238|0x00000000eee00000, 0x00000000eef00000, 0x00000000eef00000|100%| E|CS|TAMS 0x00000000eee00000, 0x00000000eee00000| Complete 
| 239|0x00000000eef00000, 0x00000000ef000000, 0x00000000ef000000|100%| E|CS|TAMS 0x00000000eef00000, 0x00000000eef00000| Complete 
| 240|0x00000000ef000000, 0x00000000ef100000, 0x00000000ef100000|100%| E|CS|TAMS 0x00000000ef000000, 0x00000000ef000000| Complete 
| 241|0x00000000ef100000, 0x00000000ef200000, 0x00000000ef200000|100%| E|CS|TAMS 0x00000000ef100000, 0x00000000ef100000| Complete 
| 242|0x00000000ef200000, 0x00000000ef300000, 0x00000000ef300000|100%| E|CS|TAMS 0x00000000ef200000, 0x00000000ef200000| Complete 
| 243|0x00000000ef300000, 0x00000000ef400000, 0x00000000ef400000|100%| E|CS|TAMS 0x00000000ef300000, 0x00000000ef300000| Complete 
| 244|0x00000000ef400000, 0x00000000ef500000, 0x00000000ef500000|100%| E|CS|TAMS 0x00000000ef400000, 0x00000000ef400000| Complete 
| 245|0x00000000ef500000, 0x00000000ef600000, 0x00000000ef600000|100%| E|CS|TAMS 0x00000000ef500000, 0x00000000ef500000| Complete 
| 246|0x00000000ef600000, 0x00000000ef700000, 0x00000000ef700000|100%| E|CS|TAMS 0x00000000ef600000, 0x00000000ef600000| Complete 
| 247|0x00000000ef700000, 0x00000000ef800000, 0x00000000ef800000|100%| E|CS|TAMS 0x00000000ef700000, 0x00000000ef700000| Complete 
| 248|0x00000000ef800000, 0x00000000ef900000, 0x00000000ef900000|100%| E|CS|TAMS 0x00000000ef800000, 0x00000000ef800000| Complete 
| 249|0x00000000ef900000, 0x00000000efa00000, 0x00000000efa00000|100%| E|CS|TAMS 0x00000000ef900000, 0x00000000ef900000| Complete 
| 250|0x00000000efa00000, 0x00000000efb00000, 0x00000000efb00000|100%| E|CS|TAMS 0x00000000efa00000, 0x00000000efa00000| Complete 
| 251|0x00000000efb00000, 0x00000000efc00000, 0x00000000efc00000|100%| E|CS|TAMS 0x00000000efb00000, 0x00000000efb00000| Complete 
| 252|0x00000000efc00000, 0x00000000efd00000, 0x00000000efd00000|100%| E|CS|TAMS 0x00000000efc00000, 0x00000000efc00000| Complete 
| 253|0x00000000efd00000, 0x00000000efe00000, 0x00000000efe00000|100%| E|CS|TAMS 0x00000000efd00000, 0x00000000efd00000| Complete 
| 254|0x00000000efe00000, 0x00000000eff00000, 0x00000000eff00000|100%| E|CS|TAMS 0x00000000efe00000, 0x00000000efe00000| Complete 
| 255|0x00000000eff00000, 0x00000000f0000000, 0x00000000f0000000|100%| E|CS|TAMS 0x00000000eff00000, 0x00000000eff00000| Complete 

Card table byte_map: [0x000001787ed40000,0x000001787ee40000] _byte_map_base: 0x000001787e640000

Marking Bits (Prev, Next): (CMBitMap*) 0x0000017865cf1660, (CMBitMap*) 0x0000017865cf16a0
 Prev Bits: [0x000001787ef40000, 0x000001787f740000)
 Next Bits: [0x000001787f740000, 0x000001787ff40000)

Polling page: 0x0000017865d80000

Metaspace:

Usage:
  Non-class:     38.38 MB used.
      Class:      6.43 MB used.
       Both:     44.80 MB used.

Virtual space:
  Non-class space:       64.00 MB reserved,      38.62 MB ( 60%) committed,  1 nodes.
      Class space:      320.00 MB reserved,       6.62 MB (  2%) committed,  1 nodes.
             Both:      384.00 MB reserved,      45.25 MB ( 12%) committed. 

Chunk freelists:
   Non-Class:  9.36 MB
       Class:  9.39 MB
        Both:  18.74 MB

MaxMetaspaceSize: 384.00 MB
CompressedClassSpaceSize: 320.00 MB
Initial GC threshold: 21.00 MB
Current GC threshold: 58.75 MB
CDS: on
MetaspaceReclaimPolicy: balanced
 - commit_granule_bytes: 65536.
 - commit_granule_words: 8192.
 - virtual_space_node_default_size: 8388608.
 - enlarge_chunks_in_place: 1.
 - new_chunks_are_fully_committed: 0.
 - uncommit_free_chunks: 1.
 - use_allocation_guard: 0.
 - handle_deallocations: 1.


Internal statistics:

num_allocs_failed_limit: 6.
num_arena_births: 588.
num_arena_deaths: 0.
num_vsnodes_births: 2.
num_vsnodes_deaths: 0.
num_space_committed: 724.
num_space_uncommitted: 0.
num_chunks_returned_to_freelist: 6.
num_chunks_taken_from_freelist: 2377.
num_chunk_merges: 3.
num_chunk_splits: 1590.
num_chunks_enlarged: 1067.
num_inconsistent_stats: 0.

CodeHeap 'non-profiled nmethods': size=120000Kb used=2388Kb max_used=2986Kb free=117611Kb
 bounds [0x0000017876a90000, 0x0000017876d80000, 0x000001787dfc0000]
CodeHeap 'profiled nmethods': size=120000Kb used=8165Kb max_used=9407Kb free=111834Kb
 bounds [0x000001786efc0000, 0x000001786f8f0000, 0x00000178764f0000]
CodeHeap 'non-nmethods': size=5760Kb used=2316Kb max_used=2349Kb free=3443Kb
 bounds [0x00000178764f0000, 0x0000017876760000, 0x0000017876a90000]
 total_blobs=5051 nmethods=4219 adapters=743
 compilation: enabled
              stopped_count=0, restarted_count=0
 full_count=0

Compilation events (20 events):
Event: 4.378 Thread 0x0000017802c96980 4900  s    3       java.util.Hashtable::put (104 bytes)
Event: 4.378 Thread 0x0000017802c96980 nmethod 4900 0x000001786f47f190 code [0x000001786f47f3a0, 0x000001786f47fab8]
Event: 4.378 Thread 0x0000017802c96980 4899       3       java.lang.invoke.LambdaFormEditor::bindArgumentL (59 bytes)
Event: 4.378 Thread 0x0000017802c96980 nmethod 4899 0x000001786f553810 code [0x000001786f5539e0, 0x000001786f553c88]
Event: 4.378 Thread 0x0000017802c96980 4901       3       org.codehaus.groovy.util.SingleKeyHashMap::put (10 bytes)
Event: 4.379 Thread 0x0000017802c96980 nmethod 4901 0x000001786f70f410 code [0x000001786f70f5c0, 0x000001786f70f7e8]
Event: 4.379 Thread 0x0000017802c96980 4902       3       groovy.lang.MetaProperty::<init> (15 bytes)
Event: 4.379 Thread 0x0000017802c96980 nmethod 4902 0x000001786f71d010 code [0x000001786f71d1c0, 0x000001786f71d3d8]
Event: 4.379 Thread 0x0000017802c96980 4903       1       org.codehaus.groovy.util.SingleKeyHashMap$Entry::getKey (5 bytes)
Event: 4.379 Thread 0x0000017802c96980 nmethod 4903 0x0000017876c6a110 code [0x0000017876c6a2a0, 0x0000017876c6a378]
Event: 4.381 Thread 0x0000017802c96980 4904       3       org.codehaus.groovy.runtime.metaclass.MetaMethodIndex::findMatchingMethod (48 bytes)
Event: 4.381 Thread 0x0000017802c96980 nmethod 4904 0x000001786f4db510 code [0x000001786f4db6e0, 0x000001786f4dba88]
Event: 4.382 Thread 0x0000017802c96980 4905       3       org.codehaus.groovy.util.SingleKeyHashMap::get (67 bytes)
Event: 4.382 Thread 0x0000017802c96980 nmethod 4905 0x000001786f484290 code [0x000001786f484480, 0x000001786f484b58]
Event: 4.382 Thread 0x0000017802c96980 4907       3       org.codehaus.groovy.util.ComplexKeyHashMap$1::hasNext (13 bytes)
Event: 4.382 Thread 0x0000017802c96980 nmethod 4907 0x000001786f4b7a10 code [0x000001786f4b7ba0, 0x000001786f4b7d18]
Event: 4.383 Thread 0x0000017802c96980 4906       1       org.codehaus.groovy.reflection.GeneratedMetaMethod::getReturnType (5 bytes)
Event: 4.383 Thread 0x0000017802c96980 nmethod 4906 0x0000017876c30890 code [0x0000017876c30a20, 0x0000017876c30af8]
Event: 4.383 Thread 0x000001781c139e70 nmethod 4730 0x0000017876c8a010 code [0x0000017876c8a260, 0x0000017876c8abb8]
Event: 4.384 Thread 0x000001781c139e70 4896       4       java.util.HashMap::resize (356 bytes)

GC Heap History (8 events):
Event: 0.490 GC heap before
{Heap before GC invocations=0 (full 0):
 garbage-first heap   total 262144K, used 26624K [0x00000000e0000000, 0x0000000100000000)
  region size 1024K, 23 young (23552K), 0 survivors (0K)
 Metaspace       used 3039K, committed 3200K, reserved 393216K
  class space    used 389K, committed 448K, reserved 327680K
}
Event: 0.493 GC heap after
{Heap after GC invocations=1 (full 0):
 garbage-first heap   total 262144K, used 10405K [0x00000000e0000000, 0x0000000100000000)
  region size 1024K, 3 young (3072K), 3 survivors (3072K)
 Metaspace       used 3039K, committed 3200K, reserved 393216K
  class space    used 389K, committed 448K, reserved 327680K
}
Event: 0.840 GC heap before
{Heap before GC invocations=1 (full 0):
 garbage-first heap   total 262144K, used 38053K [0x00000000e0000000, 0x0000000100000000)
  region size 1024K, 30 young (30720K), 3 survivors (3072K)
 Metaspace       used 4006K, committed 4160K, reserved 393216K
  class space    used 492K, committed 576K, reserved 327680K
}
Event: 0.842 GC heap after
{Heap after GC invocations=2 (full 0):
 garbage-first heap   total 262144K, used 11212K [0x00000000e0000000, 0x0000000100000000)
  region size 1024K, 1 young (1024K), 1 survivors (1024K)
 Metaspace       used 4006K, committed 4160K, reserved 393216K
  class space    used 492K, committed 576K, reserved 327680K
}
Event: 2.357 GC heap before
{Heap before GC invocations=2 (full 0):
 garbage-first heap   total 262144K, used 131020K [0x00000000e0000000, 0x0000000100000000)
  region size 1024K, 118 young (120832K), 1 survivors (1024K)
 Metaspace       used 21204K, committed 21504K, reserved 393216K
  class space    used 3103K, committed 3264K, reserved 327680K
}
Event: 2.362 GC heap after
{Heap after GC invocations=3 (full 0):
 garbage-first heap   total 262144K, used 22152K [0x00000000e0000000, 0x0000000100000000)
  region size 1024K, 12 young (12288K), 12 survivors (12288K)
 Metaspace       used 21204K, committed 21504K, reserved 393216K
  class space    used 3103K, committed 3264K, reserved 327680K
}
Event: 3.427 GC heap before
{Heap before GC invocations=4 (full 0):
 garbage-first heap   total 262144K, used 144008K [0x00000000e0000000, 0x0000000100000000)
  region size 1024K, 131 young (134144K), 12 survivors (12288K)
 Metaspace       used 35565K, committed 35968K, reserved 393216K
  class space    used 5011K, committed 5248K, reserved 327680K
}
Event: 3.434 GC heap after
{Heap after GC invocations=5 (full 0):
 garbage-first heap   total 262144K, used 30483K [0x00000000e0000000, 0x0000000100000000)
  region size 1024K, 9 young (9216K), 9 survivors (9216K)
 Metaspace       used 35565K, committed 35968K, reserved 393216K
  class space    used 5011K, committed 5248K, reserved 327680K
}

Dll operation events (14 events):
Event: 0.006 Loaded shared library C:\Program Files\Eclipse Adoptium\jdk-17.0.9.9-hotspot\bin\java.dll
Event: 0.018 Loaded shared library C:\Program Files\Eclipse Adoptium\jdk-17.0.9.9-hotspot\bin\jsvml.dll
Event: 0.055 Loaded shared library C:\Program Files\Eclipse Adoptium\jdk-17.0.9.9-hotspot\bin\zip.dll
Event: 0.057 Loaded shared library C:\Program Files\Eclipse Adoptium\jdk-17.0.9.9-hotspot\bin\instrument.dll
Event: 0.060 Loaded shared library C:\Program Files\Eclipse Adoptium\jdk-17.0.9.9-hotspot\bin\net.dll
Event: 0.061 Loaded shared library C:\Program Files\Eclipse Adoptium\jdk-17.0.9.9-hotspot\bin\nio.dll
Event: 0.063 Loaded shared library C:\Program Files\Eclipse Adoptium\jdk-17.0.9.9-hotspot\bin\zip.dll
Event: 0.226 Loaded shared library C:\Program Files\Eclipse Adoptium\jdk-17.0.9.9-hotspot\bin\jimage.dll
Event: 0.271 Loaded shared library C:\Program Files\Eclipse Adoptium\jdk-17.0.9.9-hotspot\bin\verify.dll
Event: 0.394 Loaded shared library C:\Users\Ambrogiani\.gradle\native\c067742578af261105cb4f569cf0c3c89f3d7b1fecec35dd04571415982c5e48\windows-amd64\native-platform.dll
Event: 0.399 Loaded shared library C:\Users\Ambrogiani\.gradle\native\38dada09dfb8b06ba9b0570ebf7e218e3eb74d4ef43ca46872605cf95ebc2f47\windows-amd64\native-platform-file-events.dll
Event: 1.136 Loaded shared library C:\Program Files\Eclipse Adoptium\jdk-17.0.9.9-hotspot\bin\management.dll
Event: 1.138 Loaded shared library C:\Program Files\Eclipse Adoptium\jdk-17.0.9.9-hotspot\bin\management_ext.dll
Event: 1.403 Loaded shared library C:\Program Files\Eclipse Adoptium\jdk-17.0.9.9-hotspot\bin\sunmscapi.dll

Deoptimization events (20 events):
Event: 4.374 Thread 0x0000017802c7f6e0 Uncommon trap: trap_request=0xffffffc6 fr.pc=0x0000017876ae8644 relative=0x0000000000000764
Event: 4.374 Thread 0x0000017802c7f6e0 Uncommon trap: reason=bimorphic_or_optimized_type_check action=maybe_recompile pc=0x0000017876ae8644 method=java.util.regex.Pattern$Start.match(Ljava/util/regex/Matcher;ILjava/lang/CharSequence;)Z @ 44 c2
Event: 4.374 Thread 0x0000017802c7f6e0 DEOPT PACKING pc=0x0000017876ae8644 sp=0x00000001a24f7690
Event: 4.374 Thread 0x0000017802c7f6e0 DEOPT UNPACKING pc=0x00000178765469a3 sp=0x00000001a24f7568 mode 2
Event: 4.374 Thread 0x0000017802c7f6e0 Uncommon trap: trap_request=0xffffffc6 fr.pc=0x0000017876ae8644 relative=0x0000000000000764
Event: 4.374 Thread 0x0000017802c7f6e0 Uncommon trap: reason=bimorphic_or_optimized_type_check action=maybe_recompile pc=0x0000017876ae8644 method=java.util.regex.Pattern$Start.match(Ljava/util/regex/Matcher;ILjava/lang/CharSequence;)Z @ 44 c2
Event: 4.374 Thread 0x0000017802c7f6e0 DEOPT PACKING pc=0x0000017876ae8644 sp=0x00000001a24f7690
Event: 4.374 Thread 0x0000017802c7f6e0 DEOPT UNPACKING pc=0x00000178765469a3 sp=0x00000001a24f7568 mode 2
Event: 4.374 Thread 0x0000017802c7f6e0 Uncommon trap: trap_request=0xffffffc6 fr.pc=0x0000017876ae8644 relative=0x0000000000000764
Event: 4.374 Thread 0x0000017802c7f6e0 Uncommon trap: reason=bimorphic_or_optimized_type_check action=maybe_recompile pc=0x0000017876ae8644 method=java.util.regex.Pattern$Start.match(Ljava/util/regex/Matcher;ILjava/lang/CharSequence;)Z @ 44 c2
Event: 4.374 Thread 0x0000017802c7f6e0 DEOPT PACKING pc=0x0000017876ae8644 sp=0x00000001a24f7690
Event: 4.374 Thread 0x0000017802c7f6e0 DEOPT UNPACKING pc=0x00000178765469a3 sp=0x00000001a24f7568 mode 2
Event: 4.375 Thread 0x0000017802c7f6e0 Uncommon trap: trap_request=0xffffffc6 fr.pc=0x0000017876b2eb7c relative=0x000000000000071c
Event: 4.375 Thread 0x0000017802c7f6e0 Uncommon trap: reason=bimorphic_or_optimized_type_check action=maybe_recompile pc=0x0000017876b2eb7c method=java.util.regex.Pattern$Start.match(Ljava/util/regex/Matcher;ILjava/lang/CharSequence;)Z @ 44 c2
Event: 4.375 Thread 0x0000017802c7f6e0 DEOPT PACKING pc=0x0000017876b2eb7c sp=0x00000001a24f7610
Event: 4.375 Thread 0x0000017802c7f6e0 DEOPT UNPACKING pc=0x00000178765469a3 sp=0x00000001a24f7560 mode 2
Event: 4.379 Thread 0x0000017802c7f6e0 Uncommon trap: trap_request=0xffffffde fr.pc=0x0000017876cf4480 relative=0x0000000000000060
Event: 4.379 Thread 0x0000017802c7f6e0 Uncommon trap: reason=class_check action=maybe_recompile pc=0x0000017876cf4480 method=java.util.stream.StreamOpFlag.fromCharacteristics(Ljava/util/Spliterator;)I @ 14 c2
Event: 4.379 Thread 0x0000017802c7f6e0 DEOPT PACKING pc=0x0000017876cf4480 sp=0x00000001a24f8ac0
Event: 4.379 Thread 0x0000017802c7f6e0 DEOPT UNPACKING pc=0x00000178765469a3 sp=0x00000001a24f8a58 mode 2

Classes unloaded (0 events):
No events

Classes redefined (0 events):
No events

Internal exceptions (20 events):
Event: 3.463 Thread 0x0000017802c7f6e0 Exception <a 'java/lang/NoSuchMethodError'{0x00000000efc36960}: 'long java.lang.invoke.DirectMethodHandle$Holder.invokeStatic(java.lang.Object, long)'> (0x00000000efc36960) 
thrown [s\src\hotspot\share\interpreter\linkResolver.cpp, line 759]
Event: 3.729 Thread 0x0000017802c7f6e0 Exception <a 'java/lang/NoSuchMethodError'{0x00000000ee213168}: 'java.lang.Object java.lang.invoke.DirectMethodHandle$Holder.newInvokeSpecial(java.lang.Object, int, java.lang.Object)'> (0x00000000ee213168) 
thrown [s\src\hotspot\share\interpreter\linkResolver.cpp, line 759]
Event: 3.823 Thread 0x0000017802c7f6e0 Exception <a 'java/lang/NoSuchMethodError'{0x00000000ed8397f0}: 'int java.lang.invoke.DirectMethodHandle$Holder.invokeSpecialIFC(java.lang.Object, java.lang.Object, java.lang.Object)'> (0x00000000ed8397f0) 
thrown [s\src\hotspot\share\interpreter\linkResolver.cpp, line 759]
Event: 3.857 Thread 0x0000017802c7f6e0 Exception <a 'java/lang/NoSuchMethodError'{0x00000000ed5868d8}: 'int java.lang.invoke.DirectMethodHandle$Holder.invokeStatic(java.lang.Object)'> (0x00000000ed5868d8) 
thrown [s\src\hotspot\share\interpreter\linkResolver.cpp, line 759]
Event: 3.857 Thread 0x0000017802c7f6e0 Exception <a 'java/lang/NoSuchMethodError'{0x00000000ed58af70}: 'int java.lang.invoke.DirectMethodHandle$Holder.invokeStaticInit(java.lang.Object)'> (0x00000000ed58af70) 
thrown [s\src\hotspot\share\interpreter\linkResolver.cpp, line 759]
Event: 3.862 Thread 0x0000017802c7f6e0 Exception <a 'java/lang/NoSuchMethodError'{0x00000000ed41af50}: 'java.lang.Object java.lang.invoke.DirectMethodHandle$Holder.newInvokeSpecial(java.lang.Object, java.lang.Object, java.lang.Object, java.lang.Object, java.lang.Object, int)'> (0x00000000ed41af50) 
thrown [s\src\hotspot\share\interpreter\linkResolver.cpp, line 759]
Event: 3.862 Thread 0x0000017802c7f6e0 Exception <a 'java/lang/NoSuchMethodError'{0x00000000ed4205a8}: 'java.lang.Object java.lang.invoke.DirectMethodHandle$Holder.invokeSpecial(java.lang.Object, java.lang.Object, java.lang.Object, java.lang.Object, java.lang.Object, java.lang.Object, int)'> (0x00000000ed4205a8) 
thrown [s\src\hotspot\share\interpreter\linkResolver.cpp, line 759]
Event: 3.867 Thread 0x0000017802c7f6e0 Exception <a 'java/lang/NoSuchMethodError'{0x00000000ed47e6d8}: 'java.lang.Object java.lang.invoke.DirectMethodHandle$Holder.invokeSpecial(java.lang.Object, java.lang.Object, java.lang.Object, java.lang.Object, java.lang.Object, long)'> (0x00000000ed47e6d8) 
thrown [s\src\hotspot\share\interpreter\linkResolver.cpp, line 759]
Event: 3.868 Thread 0x0000017802c7f6e0 Exception <a 'java/lang/NoSuchMethodError'{0x00000000ed4af760}: 'void java.lang.invoke.DirectMethodHandle$Holder.invokeStatic(java.lang.Object, java.lang.Object, java.lang.Object, int, java.lang.Object)'> (0x00000000ed4af760) 
thrown [s\src\hotspot\share\interpreter\linkResolver.cpp, line 759]
Event: 4.075 Thread 0x0000017802c7f6e0 Exception <a 'java/lang/NoSuchMethodError'{0x00000000ec0c96a0}: 'java.lang.Object java.lang.invoke.DirectMethodHandle$Holder.newInvokeSpecial(java.lang.Object, java.lang.Object, java.lang.Object, java.lang.Object, int)'> (0x00000000ec0c96a0) 
thrown [s\src\hotspot\share\interpreter\linkResolver.cpp, line 759]
Event: 4.075 Thread 0x0000017802c7f6e0 Exception <a 'java/lang/NoSuchMethodError'{0x00000000ec0ced48}: 'java.lang.Object java.lang.invoke.DirectMethodHandle$Holder.invokeSpecial(java.lang.Object, java.lang.Object, java.lang.Object, java.lang.Object, java.lang.Object, int)'> (0x00000000ec0ced48) 
thrown [s\src\hotspot\share\interpreter\linkResolver.cpp, line 759]
Event: 4.076 Thread 0x0000017802c7f6e0 Exception <a 'java/lang/NoSuchMethodError'{0x00000000ec0d3d28}: 'java.lang.Object java.lang.invoke.Invokers$Holder.linkToTargetMethod(java.lang.Object, java.lang.Object, java.lang.Object, int, java.lang.Object)'> (0x00000000ec0d3d28) 
thrown [s\src\hotspot\share\interpreter\linkResolver.cpp, line 759]
Event: 4.349 Thread 0x0000017802c7f6e0 Exception <a 'java/lang/NoSuchMethodError'{0x00000000ea623248}: 'java.lang.Object java.lang.invoke.DirectMethodHandle$Holder.newInvokeSpecial(java.lang.Object, java.lang.Object, int)'> (0x00000000ea623248) 
thrown [s\src\hotspot\share\interpreter\linkResolver.cpp, line 759]
Event: 4.367 Thread 0x0000017802c7f6e0 Exception <a 'java/lang/ClassNotFoundException'{0x00000000ea5d2e10}: sun/misc/SharedSecrets> (0x00000000ea5d2e10) 
thrown [s\src\hotspot\share\classfile\systemDictionary.cpp, line 256]
Event: 4.367 Thread 0x0000017802c7f6e0 Exception <a 'java/lang/ClassNotFoundException'{0x00000000ea5d7630}: com/github/jengelman/gradle/plugins/shadow/ShadowPluginBeanInfo> (0x00000000ea5d7630) 
thrown [s\src\hotspot\share\classfile\systemDictionary.cpp, line 256]
Event: 4.368 Thread 0x0000017802c7f6e0 Exception <a 'java/lang/ClassNotFoundException'{0x00000000ea5e1f48}: com/github/jengelman/gradle/plugins/shadow/ShadowPluginCustomizer> (0x00000000ea5e1f48) 
thrown [s\src\hotspot\share\classfile\systemDictionary.cpp, line 256]
Event: 4.372 Thread 0x0000017802c7f6e0 Exception <a 'java/lang/ClassNotFoundException'{0x00000000ea4423d8}: groovy/lang/Closure$1BeanInfo> (0x00000000ea4423d8) 
thrown [s\src\hotspot\share\classfile\systemDictionary.cpp, line 256]
Event: 4.372 Thread 0x0000017802c7f6e0 Exception <a 'java/lang/ClassNotFoundException'{0x00000000ea46a198}: groovy/lang/ClosureBeanInfo> (0x00000000ea46a198) 
thrown [s\src\hotspot\share\classfile\systemDictionary.cpp, line 256]
Event: 4.373 Thread 0x0000017802c7f6e0 Exception <a 'java/lang/ClassNotFoundException'{0x00000000ea491ff0}: groovy/lang/ClosureCustomizer> (0x00000000ea491ff0) 
thrown [s\src\hotspot\share\classfile\systemDictionary.cpp, line 256]
Event: 4.376 Thread 0x0000017802c7f6e0 Exception <a 'java/lang/ClassNotFoundException'{0x00000000ea4dff98}: groovy/lang/Closure$1Customizer> (0x00000000ea4dff98) 
thrown [s\src\hotspot\share\classfile\systemDictionary.cpp, line 256]

VM Operations (20 events):
Event: 3.427 Executing VM operation: CollectForMetadataAllocation
Event: 3.435 Executing VM operation: CollectForMetadataAllocation done
Event: 3.438 Executing VM operation: G1PauseRemark
Event: 3.441 Executing VM operation: G1PauseRemark done
Event: 3.443 Executing VM operation: G1PauseCleanup
Event: 3.443 Executing VM operation: G1PauseCleanup done
Event: 3.470 Executing VM operation: HandshakeAllThreads
Event: 3.470 Executing VM operation: HandshakeAllThreads done
Event: 3.912 Executing VM operation: ICBufferFull
Event: 3.913 Executing VM operation: ICBufferFull done
Event: 4.053 Executing VM operation: ICBufferFull
Event: 4.053 Executing VM operation: ICBufferFull done
Event: 4.076 Executing VM operation: HandshakeAllThreads
Event: 4.076 Executing VM operation: HandshakeAllThreads done
Event: 4.118 Executing VM operation: HandshakeAllThreads
Event: 4.119 Executing VM operation: HandshakeAllThreads done
Event: 4.124 Executing VM operation: HandshakeAllThreads
Event: 4.124 Executing VM operation: HandshakeAllThreads done
Event: 4.250 Executing VM operation: ICBufferFull
Event: 4.250 Executing VM operation: ICBufferFull done

Events (20 events):
Event: 4.149 loading class java/util/regex/Pattern$SliceI done
Event: 4.167 Thread 0x000001781f4fd2a0 Thread added: 0x000001781f4fd2a0
Event: 4.171 loading class java/lang/Byte$ByteCache
Event: 4.171 loading class java/lang/Byte$ByteCache done
Event: 4.355 loading class java/util/stream/Streams$RangeIntSpliterator
Event: 4.355 loading class java/util/stream/Streams$RangeIntSpliterator done
Event: 4.357 loading class java/util/stream/Nodes$FixedNodeBuilder
Event: 4.357 loading class java/util/stream/Nodes$ArrayNode
Event: 4.357 loading class java/util/stream/Nodes$ArrayNode done
Event: 4.357 loading class java/util/stream/Nodes$FixedNodeBuilder done
Event: 4.367 loading class sun/misc/SharedSecrets
Event: 4.367 loading class sun/misc/SharedSecrets done
Event: 4.376 loading class com/sun/beans/finder/MethodFinder
Event: 4.376 loading class com/sun/beans/finder/AbstractFinder
Event: 4.376 loading class com/sun/beans/finder/AbstractFinder done
Event: 4.376 loading class com/sun/beans/finder/MethodFinder done
Event: 4.376 loading class com/sun/beans/finder/MethodFinder$1
Event: 4.376 loading class com/sun/beans/finder/MethodFinder$1 done
Event: 4.376 loading class com/sun/beans/finder/FinderUtils
Event: 4.376 loading class com/sun/beans/finder/FinderUtils done


Dynamic libraries:
0x00007ff7af230000 - 0x00007ff7af23e000 	C:\Program Files\Eclipse Adoptium\jdk-17.0.9.9-hotspot\bin\java.exe
0x00007ffc93350000 - 0x00007ffc93548000 	C:\WINDOWS\SYSTEM32\ntdll.dll
0x00007ffc92e20000 - 0x00007ffc92edd000 	C:\WINDOWS\System32\KERNEL32.DLL
0x00007ffc90ca0000 - 0x00007ffc90f96000 	C:\WINDOWS\System32\KERNELBASE.dll
0x00007ffc90b00000 - 0x00007ffc90c00000 	C:\WINDOWS\System32\ucrtbase.dll
0x00007ffc7b540000 - 0x00007ffc7b55b000 	C:\Program Files\Eclipse Adoptium\jdk-17.0.9.9-hotspot\bin\VCRUNTIME140.dll
0x00007ffc71470000 - 0x00007ffc71487000 	C:\Program Files\Eclipse Adoptium\jdk-17.0.9.9-hotspot\bin\jli.dll
0x00007ffc913a0000 - 0x00007ffc9153e000 	C:\WINDOWS\System32\USER32.dll
0x00007ffc911e0000 - 0x00007ffc91202000 	C:\WINDOWS\System32\win32u.dll
0x00007ffc87020000 - 0x00007ffc872ba000 	C:\WINDOWS\WinSxS\amd64_microsoft.windows.common-controls_6595b64144ccf1df_6.0.19041.3636_none_60b6a03d71f818d5\COMCTL32.dll
0x00007ffc932d0000 - 0x00007ffc932fc000 	C:\WINDOWS\System32\GDI32.dll
0x00007ffc917f0000 - 0x00007ffc9188e000 	C:\WINDOWS\System32\msvcrt.dll
0x00007ffc91280000 - 0x00007ffc9139a000 	C:\WINDOWS\System32\gdi32full.dll
0x00007ffc90c00000 - 0x00007ffc90c9d000 	C:\WINDOWS\System32\msvcp_win.dll
0x00007ffc92d30000 - 0x00007ffc92d60000 	C:\WINDOWS\System32\IMM32.DLL
0x00007ffc83240000 - 0x00007ffc8324c000 	C:\Program Files\Eclipse Adoptium\jdk-17.0.9.9-hotspot\bin\vcruntime140_1.dll
0x00007ffc56e00000 - 0x00007ffc56e8d000 	C:\Program Files\Eclipse Adoptium\jdk-17.0.9.9-hotspot\bin\msvcp140.dll
0x00007ffc373f0000 - 0x00007ffc38051000 	C:\Program Files\Eclipse Adoptium\jdk-17.0.9.9-hotspot\bin\server\jvm.dll
0x00007ffc92d60000 - 0x00007ffc92e13000 	C:\WINDOWS\System32\ADVAPI32.dll
0x00007ffc91970000 - 0x00007ffc91a0f000 	C:\WINDOWS\System32\sechost.dll
0x00007ffc91a10000 - 0x00007ffc91b36000 	C:\WINDOWS\System32\RPCRT4.dll
0x00007ffc90a20000 - 0x00007ffc90a47000 	C:\WINDOWS\System32\bcrypt.dll
0x00007ffc8ff60000 - 0x00007ffc8ffab000 	C:\WINDOWS\SYSTEM32\POWRPROF.dll
0x00007ffc889e0000 - 0x00007ffc889e9000 	C:\WINDOWS\SYSTEM32\WSOCK32.dll
0x00007ffc84900000 - 0x00007ffc84927000 	C:\WINDOWS\SYSTEM32\WINMM.dll
0x00007ffc91d60000 - 0x00007ffc91dcb000 	C:\WINDOWS\System32\WS2_32.dll
0x00007ffc8a570000 - 0x00007ffc8a57a000 	C:\WINDOWS\SYSTEM32\VERSION.dll
0x00007ffc8fe30000 - 0x00007ffc8fe42000 	C:\WINDOWS\SYSTEM32\UMPDC.dll
0x00007ffc8e8f0000 - 0x00007ffc8e902000 	C:\WINDOWS\SYSTEM32\kernel.appcore.dll
0x00007ffc82c70000 - 0x00007ffc82c7a000 	C:\Program Files\Eclipse Adoptium\jdk-17.0.9.9-hotspot\bin\jimage.dll
0x00007ffc83fc0000 - 0x00007ffc841a4000 	C:\WINDOWS\SYSTEM32\DBGHELP.DLL
0x00007ffc642b0000 - 0x00007ffc642e4000 	C:\WINDOWS\SYSTEM32\dbgcore.DLL
0x00007ffc91150000 - 0x00007ffc911d2000 	C:\WINDOWS\System32\bcryptPrimitives.dll
0x00007ffc7b500000 - 0x00007ffc7b50e000 	C:\Program Files\Eclipse Adoptium\jdk-17.0.9.9-hotspot\bin\instrument.dll
0x00007ffc703f0000 - 0x00007ffc70415000 	C:\Program Files\Eclipse Adoptium\jdk-17.0.9.9-hotspot\bin\java.dll
0x00007ffc53c80000 - 0x00007ffc53d57000 	C:\Program Files\Eclipse Adoptium\jdk-17.0.9.9-hotspot\bin\jsvml.dll
0x00007ffc92510000 - 0x00007ffc92c55000 	C:\WINDOWS\System32\SHELL32.dll
0x00007ffc8eaf0000 - 0x00007ffc8f28b000 	C:\WINDOWS\SYSTEM32\windows.storage.dll
0x00007ffc92ee0000 - 0x00007ffc93234000 	C:\WINDOWS\System32\combase.dll
0x00007ffc90450000 - 0x00007ffc9047d000 	C:\WINDOWS\SYSTEM32\Wldp.dll
0x00007ffc91dd0000 - 0x00007ffc91e7d000 	C:\WINDOWS\System32\SHCORE.dll
0x00007ffc91910000 - 0x00007ffc91965000 	C:\WINDOWS\System32\shlwapi.dll
0x00007ffc90950000 - 0x00007ffc90975000 	C:\WINDOWS\SYSTEM32\profapi.dll
0x00007ffc6ea00000 - 0x00007ffc6ea18000 	C:\Program Files\Eclipse Adoptium\jdk-17.0.9.9-hotspot\bin\zip.dll
0x00007ffc703d0000 - 0x00007ffc703e9000 	C:\Program Files\Eclipse Adoptium\jdk-17.0.9.9-hotspot\bin\net.dll
0x00007ffc8ab10000 - 0x00007ffc8ac1a000 	C:\WINDOWS\SYSTEM32\WINHTTP.dll
0x00007ffc901b0000 - 0x00007ffc9021a000 	C:\WINDOWS\system32\mswsock.dll
0x00007ffc6ed20000 - 0x00007ffc6ed36000 	C:\Program Files\Eclipse Adoptium\jdk-17.0.9.9-hotspot\bin\nio.dll
0x00007ffc79db0000 - 0x00007ffc79dc0000 	C:\Program Files\Eclipse Adoptium\jdk-17.0.9.9-hotspot\bin\verify.dll
0x00007ffc6ecf0000 - 0x00007ffc6ed17000 	C:\Users\Ambrogiani\.gradle\native\c067742578af261105cb4f569cf0c3c89f3d7b1fecec35dd04571415982c5e48\windows-amd64\native-platform.dll
0x00007ffc447e0000 - 0x00007ffc44924000 	C:\Users\Ambrogiani\.gradle\native\38dada09dfb8b06ba9b0570ebf7e218e3eb74d4ef43ca46872605cf95ebc2f47\windows-amd64\native-platform-file-events.dll
0x00007ffc7e3f0000 - 0x00007ffc7e3f9000 	C:\Program Files\Eclipse Adoptium\jdk-17.0.9.9-hotspot\bin\management.dll
0x00007ffc7dd50000 - 0x00007ffc7dd5b000 	C:\Program Files\Eclipse Adoptium\jdk-17.0.9.9-hotspot\bin\management_ext.dll
0x00007ffc932c0000 - 0x00007ffc932c8000 	C:\WINDOWS\System32\PSAPI.DLL
0x00007ffc903a0000 - 0x00007ffc903b8000 	C:\WINDOWS\SYSTEM32\CRYPTSP.dll
0x00007ffc8fa70000 - 0x00007ffc8faa4000 	C:\WINDOWS\system32\rsaenh.dll
0x00007ffc908d0000 - 0x00007ffc908fe000 	C:\WINDOWS\SYSTEM32\USERENV.dll
0x00007ffc903c0000 - 0x00007ffc903cc000 	C:\WINDOWS\SYSTEM32\CRYPTBASE.dll
0x00007ffc8fe50000 - 0x00007ffc8fe8b000 	C:\WINDOWS\SYSTEM32\IPHLPAPI.DLL
0x00007ffc91cf0000 - 0x00007ffc91cf8000 	C:\WINDOWS\System32\NSI.dll
0x00007ffc8b260000 - 0x00007ffc8b277000 	C:\WINDOWS\SYSTEM32\dhcpcsvc6.DLL
0x00007ffc8b200000 - 0x00007ffc8b21d000 	C:\WINDOWS\SYSTEM32\dhcpcsvc.DLL
0x00007ffc8fe90000 - 0x00007ffc8ff5a000 	C:\WINDOWS\SYSTEM32\DNSAPI.dll
0x00007ffc7d640000 - 0x00007ffc7d64e000 	C:\Program Files\Eclipse Adoptium\jdk-17.0.9.9-hotspot\bin\sunmscapi.dll
0x00007ffc90fa0000 - 0x00007ffc910fd000 	C:\WINDOWS\System32\CRYPT32.dll
0x00007ffc904c0000 - 0x00007ffc904e8000 	C:\WINDOWS\SYSTEM32\ncrypt.dll
0x00007ffc90480000 - 0x00007ffc904bb000 	C:\WINDOWS\SYSTEM32\NTASN1.dll
0x00007ffc7d560000 - 0x00007ffc7d567000 	C:\WINDOWS\system32\wshunix.dll

dbghelp: loaded successfully - version: 4.0.5 - missing functions: none
symbol engine: initialized successfully - sym options: 0x614 - pdb path: .;C:\Program Files\Eclipse Adoptium\jdk-17.0.9.9-hotspot\bin;C:\WINDOWS\SYSTEM32;C:\WINDOWS\WinSxS\amd64_microsoft.windows.common-controls_6595b64144ccf1df_6.0.19041.3636_none_60b6a03d71f818d5;C:\Program Files\Eclipse Adoptium\jdk-17.0.9.9-hotspot\bin\server;C:\Users\Ambrogiani\.gradle\native\c067742578af261105cb4f569cf0c3c89f3d7b1fecec35dd04571415982c5e48\windows-amd64;C:\Users\Ambrogiani\.gradle\native\38dada09dfb8b06ba9b0570ebf7e218e3eb74d4ef43ca46872605cf95ebc2f47\windows-amd64

VM Arguments:
jvm_args: --add-opens=java.base/java.util=ALL-UNNAMED --add-opens=java.base/java.lang=ALL-UNNAMED --add-opens=java.base/java.lang.invoke=ALL-UNNAMED --add-opens=java.prefs/java.util.prefs=ALL-UNNAMED --add-opens=java.base/java.nio.charset=ALL-UNNAMED --add-opens=java.base/java.net=ALL-UNNAMED --add-opens=java.base/java.util.concurrent.atomic=ALL-UNNAMED -XX:MaxMetaspaceSize=384m -XX:+HeapDumpOnOutOfMemoryError -Xms256m -Xmx512m -Dfile.encoding=windows-1252 -Duser.country=IT -Duser.language=it -Duser.variant -javaagent:C:\Users\Ambrogiani\.gradle\wrapper\dists\gradle-8.5-bin\5t9huq95ubn472n8rpzujfbqh\gradle-8.5\lib\agents\gradle-instrumentation-agent-8.5.jar 
java_command: org.gradle.launcher.daemon.bootstrap.GradleDaemon 8.5
java_class_path (initial): C:\Users\Ambrogiani\.gradle\wrapper\dists\gradle-8.5-bin\5t9huq95ubn472n8rpzujfbqh\gradle-8.5\lib\gradle-launcher-8.5.jar
Launcher Type: SUN_STANDARD

[Global flags]
     intx CICompilerCount                          = 4                                         {product} {ergonomic}
   size_t CompressedClassSpaceSize                 = 335544320                                 {product} {ergonomic}
     uint ConcGCThreads                            = 3                                         {product} {ergonomic}
     uint G1ConcRefinementThreads                  = 10                                        {product} {ergonomic}
   size_t G1HeapRegionSize                         = 1048576                                   {product} {ergonomic}
    uintx GCDrainStackTargetSize                   = 64                                        {product} {ergonomic}
     bool HeapDumpOnOutOfMemoryError               = true                                   {manageable} {command line}
   size_t InitialHeapSize                          = 268435456                                 {product} {command line}
   size_t MarkStackSize                            = 4194304                                   {product} {ergonomic}
   size_t MaxHeapSize                              = 536870912                                 {product} {command line}
   size_t MaxMetaspaceSize                         = 402653184                                 {product} {command line}
   size_t MaxNewSize                               = 321912832                                 {product} {ergonomic}
   size_t MinHeapDeltaBytes                        = 1048576                                   {product} {ergonomic}
   size_t MinHeapSize                              = 268435456                                 {product} {command line}
    uintx NonNMethodCodeHeapSize                   = 5839372                                {pd product} {ergonomic}
    uintx NonProfiledCodeHeapSize                  = 122909434                              {pd product} {ergonomic}
    uintx ProfiledCodeHeapSize                     = 122909434                              {pd product} {ergonomic}
    uintx ReservedCodeCacheSize                    = 251658240                              {pd product} {ergonomic}
     bool SegmentedCodeCache                       = true                                      {product} {ergonomic}
   size_t SoftMaxHeapSize                          = 536870912                              {manageable} {ergonomic}
     bool UseCompressedClassPointers               = true                           {product lp64_product} {ergonomic}
     bool UseCompressedOops                        = true                           {product lp64_product} {ergonomic}
     bool UseG1GC                                  = true                                      {product} {ergonomic}
     bool UseLargePagesIndividualAllocation        = false                                  {pd product} {ergonomic}

Logging:
Log output configuration:
 #0: stdout all=warning uptime,level,tags
 #1: stderr all=off uptime,level,tags

Environment Variables:
JAVA_HOME=C:\Program Files\Eclipse Adoptium\jdk-17.0.9.9-hotspot\
CLASSPATH=C:\Users\Ambrogiani\Desktop\OOP-Pac-Man\OOP23-pac-man\\gradle\wrapper\gradle-wrapper.jar
PATH=C:\Program Files\Eclipse Adoptium\jdk-17.0.9.9-hotspot\bin;C:\Windows\system32;C:\Windows;C:\Windows\System32\Wbem;C:\Windows\System32\WindowsPowerShell\v1.0\;C:\Windows\System32\OpenSSH\;C:\Program Files (x86)\Windows Kits\8.1\Windows Performance Toolkit\;C:\Program Files\Microsoft SQL Server\Client SDK\ODBC\110\Tools\Binn\;C:\Program Files (x86)\Microsoft SQL Server\120\Tools\Binn\;C:\Program Files\Microsoft SQL Server\120\Tools\Binn\;C:\Program Files\Microsoft SQL Server\120\DTS\Binn\;C:\WINDOWS\system32;C:\WINDOWS;C:\WINDOWS\System32\Wbem;C:\WINDOWS\System32\WindowsPowerShell\v1.0\;C:\WINDOWS\System32\OpenSSH\;C:\Program Files\NVIDIA Corporation\NVIDIA NvDLISR;C:\WINDOWS\system32;C:\WINDOWS;C:\WINDOWS\System32\Wbem;C:\WINDOWS\System32\WindowsPowerShell\v1.0\;C:\WINDOWS\System32\OpenSSH\;C:\Program Files (x86)\NVIDIA Corporation\PhysX\Common;C:\Program Files\Git\cmd;C:\Users\Ambrogiani\AppData\Local\Microsoft\WindowsApps;;C:\Users\Ambrogiani\AppData\Local\Programs\Microsoft VS Code\bin
USERNAME=Ambrogiani
LANG=en_US.UTF-8
OS=Windows_NT
PROCESSOR_IDENTIFIER=Intel64 Family 6 Model 158 Stepping 10, GenuineIntel
TMP=C:\Users\AMBROG~1\AppData\Local\Temp
TEMP=C:\Users\AMBROG~1\AppData\Local\Temp



Periodic native trim disabled


---------------  S Y S T E M  ---------------

OS:
 Windows 10 , 64 bit Build 19041 (10.0.19041.3636)
OS uptime: 9 days 17:24 hours

CPU: total 12 (initial active 12) (6 cores per cpu, 2 threads per core) family 6 model 158 stepping 10 microcode 0xb4, cx8, cmov, fxsr, ht, mmx, 3dnowpref, sse, sse2, sse3, ssse3, sse4.1, sse4.2, popcnt, lzcnt, tsc, tscinvbit, avx, avx2, aes, erms, clmul, bmi1, bmi2, rtm, adx, fma, vzeroupper, clflush, clflushopt
Processor Information for all 12 processors :
  Max Mhz: 3696, Current Mhz: 3696, Mhz Limit: 3696

Memory: 4k page, system-wide physical 16322M (8414M free)
TotalPageFile size 25538M (AvailPageFile size 11371M)
current process WorkingSet (physical memory assigned to process): 351M, peak: 351M
current process commit charge ("private bytes"): 487M, peak: 488M

vm_info: OpenJDK 64-Bit Server VM (17.0.9+9) for windows-amd64 JRE (17.0.9+9), built on Oct 26 2023 14:01:42 by "admin" with MS VC++ 16.10 / 16.11 (VS2019)

END.
